<?xml version="1.0" encoding="UTF-8"?>
<testsuite name="tetris.FullGameTests" tests="5" skipped="0" failures="1" errors="0" timestamp="2022-10-09T21:10:30" hostname="DESKTOP-MB5T0MI" time="0.307">
  <properties/>
  <testcase name="testGame5x9" classname="tetris.FullGameTests" time="0.028"/>
  <testcase name="testGame8x11" classname="tetris.FullGameTests" time="0.176">
    <failure message="org.scalatest.exceptions.TestFailedException: didPass was false&#10;--------------------------------------------------------------------------------&#10;This is what went wrong:&#10;&#10;step=0, rand=2, actions=&lt;&gt;&#10;Want     | Got ✓   &#10;-------------------&#10;....L... | ....L...&#10;..LLL... | ..LLL...&#10;........ | ........&#10;........ | ........&#10;........ | ........&#10;........ | ........&#10;........ | ........&#10;........ | ........&#10;........ | ........&#10;........ | ........&#10;........ | ........&#10;&#10;step=1, rand=2, actions=&lt;Right&gt;&#10;Want     | Got ✓   &#10;-------------------&#10;.....L.. | .....L..&#10;...LLL.. | ...LLL..&#10;........ | ........&#10;........ | ........&#10;........ | ........&#10;........ | ........&#10;........ | ........&#10;........ | ........&#10;........ | ........&#10;........ | ........&#10;........ | ........&#10;&#10;step=2, rand=2, actions=&lt;Right&gt;&#10;Want     | Got ✓   &#10;-------------------&#10;......L. | ......L.&#10;....LLL. | ....LLL.&#10;........ | ........&#10;........ | ........&#10;........ | ........&#10;........ | ........&#10;........ | ........&#10;........ | ........&#10;........ | ........&#10;........ | ........&#10;........ | ........&#10;&#10;step=3, rand=2, actions=&lt;Down&gt;&#10;Want     | Got ✓   &#10;-------------------&#10;........ | ........&#10;......L. | ......L.&#10;....LLL. | ....LLL.&#10;........ | ........&#10;........ | ........&#10;........ | ........&#10;........ | ........&#10;........ | ........&#10;........ | ........&#10;........ | ........&#10;........ | ........&#10;&#10;step=4, rand=2, actions=&lt;Down&gt;&#10;Want     | Got ✓   &#10;-------------------&#10;........ | ........&#10;........ | ........&#10;......L. | ......L.&#10;....LLL. | ....LLL.&#10;........ | ........&#10;........ | ........&#10;........ | ........&#10;........ | ........&#10;........ | ........&#10;........ | ........&#10;........ | ........&#10;&#10;step=5, rand=2, actions=&lt;Down&gt;&#10;Want     | Got ✓   &#10;-------------------&#10;........ | ........&#10;........ | ........&#10;........ | ........&#10;......L. | ......L.&#10;....LLL. | ....LLL.&#10;........ | ........&#10;........ | ........&#10;........ | ........&#10;........ | ........&#10;........ | ........&#10;........ | ........&#10;&#10;step=6, rand=2, actions=&lt;Down&gt;&#10;Want     | Got ✓   &#10;-------------------&#10;........ | ........&#10;........ | ........&#10;........ | ........&#10;........ | ........&#10;......L. | ......L.&#10;....LLL. | ....LLL.&#10;........ | ........&#10;........ | ........&#10;........ | ........&#10;........ | ........&#10;........ | ........&#10;&#10;step=7, rand=2, actions=&lt;Down&gt;&#10;Want     | Got ✓   &#10;-------------------&#10;........ | ........&#10;........ | ........&#10;........ | ........&#10;........ | ........&#10;........ | ........&#10;......L. | ......L.&#10;....LLL. | ....LLL.&#10;........ | ........&#10;........ | ........&#10;........ | ........&#10;........ | ........&#10;&#10;step=8, rand=2, actions=&lt;Down&gt;&#10;Want     | Got ✓   &#10;-------------------&#10;........ | ........&#10;........ | ........&#10;........ | ........&#10;........ | ........&#10;........ | ........&#10;........ | ........&#10;......L. | ......L.&#10;....LLL. | ....LLL.&#10;........ | ........&#10;........ | ........&#10;........ | ........&#10;&#10;step=9, rand=2, actions=&lt;Down&gt;&#10;Want     | Got ✓   &#10;-------------------&#10;........ | ........&#10;........ | ........&#10;........ | ........&#10;........ | ........&#10;........ | ........&#10;........ | ........&#10;........ | ........&#10;......L. | ......L.&#10;....LLL. | ....LLL.&#10;........ | ........&#10;........ | ........&#10;&#10;step=10, rand=2, actions=&lt;Down&gt;&#10;Want     | Got ✓   &#10;-------------------&#10;........ | ........&#10;........ | ........&#10;........ | ........&#10;........ | ........&#10;........ | ........&#10;........ | ........&#10;........ | ........&#10;........ | ........&#10;......L. | ......L.&#10;....LLL. | ....LLL.&#10;........ | ........&#10;&#10;step=11, rand=2, actions=&lt;Down&gt;&#10;Want     | Got ✓   &#10;-------------------&#10;........ | ........&#10;........ | ........&#10;........ | ........&#10;........ | ........&#10;........ | ........&#10;........ | ........&#10;........ | ........&#10;........ | ........&#10;........ | ........&#10;......L. | ......L.&#10;....LLL. | ....LLL.&#10;&#10;step=12, rand=6, actions=&lt;Down&gt;&#10;Want     | Got ✓   &#10;-------------------&#10;..ZZ.... | ..ZZ....&#10;...ZZ... | ...ZZ...&#10;........ | ........&#10;........ | ........&#10;........ | ........&#10;........ | ........&#10;........ | ........&#10;........ | ........&#10;........ | ........&#10;......L. | ......L.&#10;....LLL. | ....LLL.&#10;&#10;step=13, rand=6, actions=&lt;RotateRight&gt;&#10;Want     | Got ✓   &#10;-------------------&#10;....Z... | ....Z...&#10;...ZZ... | ...ZZ...&#10;...Z.... | ...Z....&#10;........ | ........&#10;........ | ........&#10;........ | ........&#10;........ | ........&#10;........ | ........&#10;........ | ........&#10;......L. | ......L.&#10;....LLL. | ....LLL.&#10;&#10;step=14, rand=6, actions=&lt;Down&gt;&#10;Want     | Got ✓   &#10;-------------------&#10;........ | ........&#10;....Z... | ....Z...&#10;...ZZ... | ...ZZ...&#10;...Z.... | ...Z....&#10;........ | ........&#10;........ | ........&#10;........ | ........&#10;........ | ........&#10;........ | ........&#10;......L. | ......L.&#10;....LLL. | ....LLL.&#10;&#10;step=15, rand=6, actions=&lt;Down&gt;&#10;Want     | Got ✓   &#10;-------------------&#10;........ | ........&#10;........ | ........&#10;....Z... | ....Z...&#10;...ZZ... | ...ZZ...&#10;...Z.... | ...Z....&#10;........ | ........&#10;........ | ........&#10;........ | ........&#10;........ | ........&#10;......L. | ......L.&#10;....LLL. | ....LLL.&#10;&#10;step=16, rand=6, actions=&lt;Down&gt;&#10;Want     | Got ✓   &#10;-------------------&#10;........ | ........&#10;........ | ........&#10;........ | ........&#10;....Z... | ....Z...&#10;...ZZ... | ...ZZ...&#10;...Z.... | ...Z....&#10;........ | ........&#10;........ | ........&#10;........ | ........&#10;......L. | ......L.&#10;....LLL. | ....LLL.&#10;&#10;step=17, rand=6, actions=&lt;Down&gt;&#10;Want     | Got ✓   &#10;-------------------&#10;........ | ........&#10;........ | ........&#10;........ | ........&#10;........ | ........&#10;....Z... | ....Z...&#10;...ZZ... | ...ZZ...&#10;...Z.... | ...Z....&#10;........ | ........&#10;........ | ........&#10;......L. | ......L.&#10;....LLL. | ....LLL.&#10;&#10;step=18, rand=6, actions=&lt;Down&gt;&#10;Want     | Got ✓   &#10;-------------------&#10;........ | ........&#10;........ | ........&#10;........ | ........&#10;........ | ........&#10;........ | ........&#10;....Z... | ....Z...&#10;...ZZ... | ...ZZ...&#10;...Z.... | ...Z....&#10;........ | ........&#10;......L. | ......L.&#10;....LLL. | ....LLL.&#10;&#10;step=19, rand=6, actions=&lt;Down&gt;&#10;Want     | Got ✓   &#10;-------------------&#10;........ | ........&#10;........ | ........&#10;........ | ........&#10;........ | ........&#10;........ | ........&#10;........ | ........&#10;....Z... | ....Z...&#10;...ZZ... | ...ZZ...&#10;...Z.... | ...Z....&#10;......L. | ......L.&#10;....LLL. | ....LLL.&#10;&#10;step=20, rand=6, actions=&lt;Down&gt;&#10;Want     | Got ✓   &#10;-------------------&#10;........ | ........&#10;........ | ........&#10;........ | ........&#10;........ | ........&#10;........ | ........&#10;........ | ........&#10;........ | ........&#10;....Z... | ....Z...&#10;...ZZ... | ...ZZ...&#10;...Z..L. | ...Z..L.&#10;....LLL. | ....LLL.&#10;&#10;step=21, rand=6, actions=&lt;Down&gt;&#10;Want     | Got ✓   &#10;-------------------&#10;........ | ........&#10;........ | ........&#10;........ | ........&#10;........ | ........&#10;........ | ........&#10;........ | ........&#10;........ | ........&#10;........ | ........&#10;....Z... | ....Z...&#10;...ZZ.L. | ...ZZ.L.&#10;...ZLLL. | ...ZLLL.&#10;&#10;step=22, rand=4, actions=&lt;Down&gt;&#10;Want     | Got ✓   &#10;-------------------&#10;...SS... | ...SS...&#10;..SS.... | ..SS....&#10;........ | ........&#10;........ | ........&#10;........ | ........&#10;........ | ........&#10;........ | ........&#10;........ | ........&#10;....Z... | ....Z...&#10;...ZZ.L. | ...ZZ.L.&#10;...ZLLL. | ...ZLLL.&#10;&#10;step=23, rand=4, actions=&lt;Left&gt;&#10;Want     | Got ✓   &#10;-------------------&#10;..SS.... | ..SS....&#10;.SS..... | .SS.....&#10;........ | ........&#10;........ | ........&#10;........ | ........&#10;........ | ........&#10;........ | ........&#10;........ | ........&#10;....Z... | ....Z...&#10;...ZZ.L. | ...ZZ.L.&#10;...ZLLL. | ...ZLLL.&#10;&#10;step=24, rand=4, actions=&lt;RotateRight&gt;&#10;Want     | Got ✓   &#10;-------------------&#10;..S..... | ..S.....&#10;..SS.... | ..SS....&#10;...S.... | ...S....&#10;........ | ........&#10;........ | ........&#10;........ | ........&#10;........ | ........&#10;........ | ........&#10;....Z... | ....Z...&#10;...ZZ.L. | ...ZZ.L.&#10;...ZLLL. | ...ZLLL.&#10;&#10;step=25, rand=4, actions=&lt;Left&gt;&#10;Want     | Got ✓   &#10;-------------------&#10;.S...... | .S......&#10;.SS..... | .SS.....&#10;..S..... | ..S.....&#10;........ | ........&#10;........ | ........&#10;........ | ........&#10;........ | ........&#10;........ | ........&#10;....Z... | ....Z...&#10;...ZZ.L. | ...ZZ.L.&#10;...ZLLL. | ...ZLLL.&#10;&#10;step=26, rand=4, actions=&lt;Down&gt;&#10;Want     | Got ✓   &#10;-------------------&#10;........ | ........&#10;.S...... | .S......&#10;.SS..... | .SS.....&#10;..S..... | ..S.....&#10;........ | ........&#10;........ | ........&#10;........ | ........&#10;........ | ........&#10;....Z... | ....Z...&#10;...ZZ.L. | ...ZZ.L.&#10;...ZLLL. | ...ZLLL.&#10;&#10;step=27, rand=4, actions=&lt;Down&gt;&#10;Want     | Got ✓   &#10;-------------------&#10;........ | ........&#10;........ | ........&#10;.S...... | .S......&#10;.SS..... | .SS.....&#10;..S..... | ..S.....&#10;........ | ........&#10;........ | ........&#10;........ | ........&#10;....Z... | ....Z...&#10;...ZZ.L. | ...ZZ.L.&#10;...ZLLL. | ...ZLLL.&#10;&#10;step=28, rand=4, actions=&lt;Down&gt;&#10;Want     | Got ✓   &#10;-------------------&#10;........ | ........&#10;........ | ........&#10;........ | ........&#10;.S...... | .S......&#10;.SS..... | .SS.....&#10;..S..... | ..S.....&#10;........ | ........&#10;........ | ........&#10;....Z... | ....Z...&#10;...ZZ.L. | ...ZZ.L.&#10;...ZLLL. | ...ZLLL.&#10;&#10;step=29, rand=4, actions=&lt;Down&gt;&#10;Want     | Got ✓   &#10;-------------------&#10;........ | ........&#10;........ | ........&#10;........ | ........&#10;........ | ........&#10;.S...... | .S......&#10;.SS..... | .SS.....&#10;..S..... | ..S.....&#10;........ | ........&#10;....Z... | ....Z...&#10;...ZZ.L. | ...ZZ.L.&#10;...ZLLL. | ...ZLLL.&#10;&#10;step=30, rand=4, actions=&lt;Down&gt;&#10;Want     | Got ✓   &#10;-------------------&#10;........ | ........&#10;........ | ........&#10;........ | ........&#10;........ | ........&#10;........ | ........&#10;.S...... | .S......&#10;.SS..... | .SS.....&#10;..S..... | ..S.....&#10;....Z... | ....Z...&#10;...ZZ.L. | ...ZZ.L.&#10;...ZLLL. | ...ZLLL.&#10;&#10;step=31, rand=4, actions=&lt;Down&gt;&#10;Want     | Got ✓   &#10;-------------------&#10;........ | ........&#10;........ | ........&#10;........ | ........&#10;........ | ........&#10;........ | ........&#10;........ | ........&#10;.S...... | .S......&#10;.SS..... | .SS.....&#10;..S.Z... | ..S.Z...&#10;...ZZ.L. | ...ZZ.L.&#10;...ZLLL. | ...ZLLL.&#10;&#10;step=32, rand=4, actions=&lt;Down&gt;&#10;Want     | Got ✓   &#10;-------------------&#10;........ | ........&#10;........ | ........&#10;........ | ........&#10;........ | ........&#10;........ | ........&#10;........ | ........&#10;........ | ........&#10;.S...... | .S......&#10;.SS.Z... | .SS.Z...&#10;..SZZ.L. | ..SZZ.L.&#10;...ZLLL. | ...ZLLL.&#10;&#10;step=33, rand=4, actions=&lt;Down&gt;&#10;Want     | Got ✓   &#10;-------------------&#10;........ | ........&#10;........ | ........&#10;........ | ........&#10;........ | ........&#10;........ | ........&#10;........ | ........&#10;........ | ........&#10;........ | ........&#10;.S..Z... | .S..Z...&#10;.SSZZ.L. | .SSZZ.L.&#10;..SZLLL. | ..SZLLL.&#10;&#10;step=34, rand=0, actions=&lt;Down&gt;&#10;Want     | Got ✓   &#10;-------------------&#10;........ | ........&#10;..IIII.. | ..IIII..&#10;........ | ........&#10;........ | ........&#10;........ | ........&#10;........ | ........&#10;........ | ........&#10;........ | ........&#10;.S..Z... | .S..Z...&#10;.SSZZ.L. | .SSZZ.L.&#10;..SZLLL. | ..SZLLL.&#10;&#10;step=35, rand=0, actions=&lt;RotateRight&gt;&#10;Want     | Got ✓   &#10;-------------------&#10;....I... | ....I...&#10;....I... | ....I...&#10;....I... | ....I...&#10;....I... | ....I...&#10;........ | ........&#10;........ | ........&#10;........ | ........&#10;........ | ........&#10;.S..Z... | .S..Z...&#10;.SSZZ.L. | .SSZZ.L.&#10;..SZLLL. | ..SZLLL.&#10;&#10;step=36, rand=0, actions=&lt;Left&gt;&#10;Want     | Got ✓   &#10;-------------------&#10;...I.... | ...I....&#10;...I.... | ...I....&#10;...I.... | ...I....&#10;...I.... | ...I....&#10;........ | ........&#10;........ | ........&#10;........ | ........&#10;........ | ........&#10;.S..Z... | .S..Z...&#10;.SSZZ.L. | .SSZZ.L.&#10;..SZLLL. | ..SZLLL.&#10;&#10;step=37, rand=0, actions=&lt;Left&gt;&#10;Want     | Got ✓   &#10;-------------------&#10;..I..... | ..I.....&#10;..I..... | ..I.....&#10;..I..... | ..I.....&#10;..I..... | ..I.....&#10;........ | ........&#10;........ | ........&#10;........ | ........&#10;........ | ........&#10;.S..Z... | .S..Z...&#10;.SSZZ.L. | .SSZZ.L.&#10;..SZLLL. | ..SZLLL.&#10;&#10;step=38, rand=0, actions=&lt;Left&gt;&#10;Want     | Got ✓   &#10;-------------------&#10;.I...... | .I......&#10;.I...... | .I......&#10;.I...... | .I......&#10;.I...... | .I......&#10;........ | ........&#10;........ | ........&#10;........ | ........&#10;........ | ........&#10;.S..Z... | .S..Z...&#10;.SSZZ.L. | .SSZZ.L.&#10;..SZLLL. | ..SZLLL.&#10;&#10;step=39, rand=0, actions=&lt;Left&gt;&#10;Want     | Got ✓   &#10;-------------------&#10;I....... | I.......&#10;I....... | I.......&#10;I....... | I.......&#10;I....... | I.......&#10;........ | ........&#10;........ | ........&#10;........ | ........&#10;........ | ........&#10;.S..Z... | .S..Z...&#10;.SSZZ.L. | .SSZZ.L.&#10;..SZLLL. | ..SZLLL.&#10;&#10;step=40, rand=0, actions=&lt;Left&gt;&#10;Want     | Got ✓   &#10;-------------------&#10;I....... | I.......&#10;I....... | I.......&#10;I....... | I.......&#10;I....... | I.......&#10;........ | ........&#10;........ | ........&#10;........ | ........&#10;........ | ........&#10;.S..Z... | .S..Z...&#10;.SSZZ.L. | .SSZZ.L.&#10;..SZLLL. | ..SZLLL.&#10;&#10;step=41, rand=0, actions=&lt;Down&gt;&#10;Want     | Got ✓   &#10;-------------------&#10;........ | ........&#10;I....... | I.......&#10;I....... | I.......&#10;I....... | I.......&#10;I....... | I.......&#10;........ | ........&#10;........ | ........&#10;........ | ........&#10;.S..Z... | .S..Z...&#10;.SSZZ.L. | .SSZZ.L.&#10;..SZLLL. | ..SZLLL.&#10;&#10;step=42, rand=0, actions=&lt;Down&gt;&#10;Want     | Got ✓   &#10;-------------------&#10;........ | ........&#10;........ | ........&#10;I....... | I.......&#10;I....... | I.......&#10;I....... | I.......&#10;I....... | I.......&#10;........ | ........&#10;........ | ........&#10;.S..Z... | .S..Z...&#10;.SSZZ.L. | .SSZZ.L.&#10;..SZLLL. | ..SZLLL.&#10;&#10;step=43, rand=0, actions=&lt;Down&gt;&#10;Want     | Got ✓   &#10;-------------------&#10;........ | ........&#10;........ | ........&#10;........ | ........&#10;I....... | I.......&#10;I....... | I.......&#10;I....... | I.......&#10;I....... | I.......&#10;........ | ........&#10;.S..Z... | .S..Z...&#10;.SSZZ.L. | .SSZZ.L.&#10;..SZLLL. | ..SZLLL.&#10;&#10;step=44, rand=0, actions=&lt;Down&gt;&#10;Want     | Got ✓   &#10;-------------------&#10;........ | ........&#10;........ | ........&#10;........ | ........&#10;........ | ........&#10;I....... | I.......&#10;I....... | I.......&#10;I....... | I.......&#10;I....... | I.......&#10;.S..Z... | .S..Z...&#10;.SSZZ.L. | .SSZZ.L.&#10;..SZLLL. | ..SZLLL.&#10;&#10;step=45, rand=0, actions=&lt;Down&gt;&#10;Want     | Got ✓   &#10;-------------------&#10;........ | ........&#10;........ | ........&#10;........ | ........&#10;........ | ........&#10;........ | ........&#10;I....... | I.......&#10;I....... | I.......&#10;I....... | I.......&#10;IS..Z... | IS..Z...&#10;.SSZZ.L. | .SSZZ.L.&#10;..SZLLL. | ..SZLLL.&#10;&#10;step=46, rand=0, actions=&lt;Down&gt;&#10;Want     | Got ✓   &#10;-------------------&#10;........ | ........&#10;........ | ........&#10;........ | ........&#10;........ | ........&#10;........ | ........&#10;........ | ........&#10;I....... | I.......&#10;I....... | I.......&#10;IS..Z... | IS..Z...&#10;ISSZZ.L. | ISSZZ.L.&#10;..SZLLL. | ..SZLLL.&#10;&#10;step=47, rand=0, actions=&lt;Down&gt;&#10;Want     | Got ✓   &#10;-------------------&#10;........ | ........&#10;........ | ........&#10;........ | ........&#10;........ | ........&#10;........ | ........&#10;........ | ........&#10;........ | ........&#10;I....... | I.......&#10;IS..Z... | IS..Z...&#10;ISSZZ.L. | ISSZZ.L.&#10;I.SZLLL. | I.SZLLL.&#10;&#10;step=48, rand=3, actions=&lt;Down&gt;&#10;Want     | Got ✓   &#10;-------------------&#10;...OO... | ...OO...&#10;...OO... | ...OO...&#10;........ | ........&#10;........ | ........&#10;........ | ........&#10;........ | ........&#10;........ | ........&#10;I....... | I.......&#10;IS..Z... | IS..Z...&#10;ISSZZ.L. | ISSZZ.L.&#10;I.SZLLL. | I.SZLLL.&#10;&#10;step=49, rand=3, actions=&lt;Left&gt;&#10;Want     | Got ✓   &#10;-------------------&#10;..OO.... | ..OO....&#10;..OO.... | ..OO....&#10;........ | ........&#10;........ | ........&#10;........ | ........&#10;........ | ........&#10;........ | ........&#10;I....... | I.......&#10;IS..Z... | IS..Z...&#10;ISSZZ.L. | ISSZZ.L.&#10;I.SZLLL. | I.SZLLL.&#10;&#10;step=50, rand=3, actions=&lt;Down&gt;&#10;Want     | Got ✓   &#10;-------------------&#10;........ | ........&#10;..OO.... | ..OO....&#10;..OO.... | ..OO....&#10;........ | ........&#10;........ | ........&#10;........ | ........&#10;........ | ........&#10;I....... | I.......&#10;IS..Z... | IS..Z...&#10;ISSZZ.L. | ISSZZ.L.&#10;I.SZLLL. | I.SZLLL.&#10;&#10;step=51, rand=3, actions=&lt;Left&gt;&#10;Want     | Got ✓   &#10;-------------------&#10;........ | ........&#10;.OO..... | .OO.....&#10;.OO..... | .OO.....&#10;........ | ........&#10;........ | ........&#10;........ | ........&#10;........ | ........&#10;I....... | I.......&#10;IS..Z... | IS..Z...&#10;ISSZZ.L. | ISSZZ.L.&#10;I.SZLLL. | I.SZLLL.&#10;&#10;step=52, rand=3, actions=&lt;Down&gt;&#10;Want     | Got ✓   &#10;-------------------&#10;........ | ........&#10;........ | ........&#10;.OO..... | .OO.....&#10;.OO..... | .OO.....&#10;........ | ........&#10;........ | ........&#10;........ | ........&#10;I....... | I.......&#10;IS..Z... | IS..Z...&#10;ISSZZ.L. | ISSZZ.L.&#10;I.SZLLL. | I.SZLLL.&#10;&#10;step=53, rand=3, actions=&lt;Down&gt;&#10;Want     | Got ✓   &#10;-------------------&#10;........ | ........&#10;........ | ........&#10;........ | ........&#10;.OO..... | .OO.....&#10;.OO..... | .OO.....&#10;........ | ........&#10;........ | ........&#10;I....... | I.......&#10;IS..Z... | IS..Z...&#10;ISSZZ.L. | ISSZZ.L.&#10;I.SZLLL. | I.SZLLL.&#10;&#10;step=54, rand=3, actions=&lt;Down&gt;&#10;Want     | Got ✓   &#10;-------------------&#10;........ | ........&#10;........ | ........&#10;........ | ........&#10;........ | ........&#10;.OO..... | .OO.....&#10;.OO..... | .OO.....&#10;........ | ........&#10;I....... | I.......&#10;IS..Z... | IS..Z...&#10;ISSZZ.L. | ISSZZ.L.&#10;I.SZLLL. | I.SZLLL.&#10;&#10;step=55, rand=3, actions=&lt;Down&gt;&#10;Want     | Got ✓   &#10;-------------------&#10;........ | ........&#10;........ | ........&#10;........ | ........&#10;........ | ........&#10;........ | ........&#10;.OO..... | .OO.....&#10;.OO..... | .OO.....&#10;I....... | I.......&#10;IS..Z... | IS..Z...&#10;ISSZZ.L. | ISSZZ.L.&#10;I.SZLLL. | I.SZLLL.&#10;&#10;step=56, rand=3, actions=&lt;Right&gt;&#10;Want     | Got ✓   &#10;-------------------&#10;........ | ........&#10;........ | ........&#10;........ | ........&#10;........ | ........&#10;........ | ........&#10;..OO.... | ..OO....&#10;..OO.... | ..OO....&#10;I....... | I.......&#10;IS..Z... | IS..Z...&#10;ISSZZ.L. | ISSZZ.L.&#10;I.SZLLL. | I.SZLLL.&#10;&#10;step=57, rand=3, actions=&lt;Down&gt;&#10;Want     | Got ✓   &#10;-------------------&#10;........ | ........&#10;........ | ........&#10;........ | ........&#10;........ | ........&#10;........ | ........&#10;........ | ........&#10;..OO.... | ..OO....&#10;I.OO.... | I.OO....&#10;IS..Z... | IS..Z...&#10;ISSZZ.L. | ISSZZ.L.&#10;I.SZLLL. | I.SZLLL.&#10;&#10;step=58, rand=3, actions=&lt;Down&gt;&#10;Want     | Got ✓   &#10;-------------------&#10;........ | ........&#10;........ | ........&#10;........ | ........&#10;........ | ........&#10;........ | ........&#10;........ | ........&#10;........ | ........&#10;I.OO.... | I.OO....&#10;ISOOZ... | ISOOZ...&#10;ISSZZ.L. | ISSZZ.L.&#10;I.SZLLL. | I.SZLLL.&#10;&#10;step=59, rand=3, actions=&lt;Down&gt;&#10;Want     | Got ✓   &#10;-------------------&#10;...OO... | ...OO...&#10;...OO... | ...OO...&#10;........ | ........&#10;........ | ........&#10;........ | ........&#10;........ | ........&#10;........ | ........&#10;I.OO.... | I.OO....&#10;ISOOZ... | ISOOZ...&#10;ISSZZ.L. | ISSZZ.L.&#10;I.SZLLL. | I.SZLLL.&#10;&#10;step=60, rand=3, actions=&lt;Left&gt;&#10;Want     | Got ✓   &#10;-------------------&#10;..OO.... | ..OO....&#10;..OO.... | ..OO....&#10;........ | ........&#10;........ | ........&#10;........ | ........&#10;........ | ........&#10;........ | ........&#10;I.OO.... | I.OO....&#10;ISOOZ... | ISOOZ...&#10;ISSZZ.L. | ISSZZ.L.&#10;I.SZLLL. | I.SZLLL.&#10;&#10;step=61, rand=3, actions=&lt;Down&gt;&#10;Want     | Got ✓   &#10;-------------------&#10;........ | ........&#10;..OO.... | ..OO....&#10;..OO.... | ..OO....&#10;........ | ........&#10;........ | ........&#10;........ | ........&#10;........ | ........&#10;I.OO.... | I.OO....&#10;ISOOZ... | ISOOZ...&#10;ISSZZ.L. | ISSZZ.L.&#10;I.SZLLL. | I.SZLLL.&#10;&#10;step=62, rand=3, actions=&lt;Down&gt;&#10;Want     | Got ✓   &#10;-------------------&#10;........ | ........&#10;........ | ........&#10;..OO.... | ..OO....&#10;..OO.... | ..OO....&#10;........ | ........&#10;........ | ........&#10;........ | ........&#10;I.OO.... | I.OO....&#10;ISOOZ... | ISOOZ...&#10;ISSZZ.L. | ISSZZ.L.&#10;I.SZLLL. | I.SZLLL.&#10;&#10;step=63, rand=3, actions=&lt;Down&gt;&#10;Want     | Got ✓   &#10;-------------------&#10;........ | ........&#10;........ | ........&#10;........ | ........&#10;..OO.... | ..OO....&#10;..OO.... | ..OO....&#10;........ | ........&#10;........ | ........&#10;I.OO.... | I.OO....&#10;ISOOZ... | ISOOZ...&#10;ISSZZ.L. | ISSZZ.L.&#10;I.SZLLL. | I.SZLLL.&#10;&#10;step=64, rand=3, actions=&lt;Down&gt;&#10;Want     | Got ✓   &#10;-------------------&#10;........ | ........&#10;........ | ........&#10;........ | ........&#10;........ | ........&#10;..OO.... | ..OO....&#10;..OO.... | ..OO....&#10;........ | ........&#10;I.OO.... | I.OO....&#10;ISOOZ... | ISOOZ...&#10;ISSZZ.L. | ISSZZ.L.&#10;I.SZLLL. | I.SZLLL.&#10;&#10;step=65, rand=3, actions=&lt;Down&gt;&#10;Want     | Got ✓   &#10;-------------------&#10;........ | ........&#10;........ | ........&#10;........ | ........&#10;........ | ........&#10;........ | ........&#10;..OO.... | ..OO....&#10;..OO.... | ..OO....&#10;I.OO.... | I.OO....&#10;ISOOZ... | ISOOZ...&#10;ISSZZ.L. | ISSZZ.L.&#10;I.SZLLL. | I.SZLLL.&#10;&#10;step=66, rand=2, actions=&lt;Down&gt;&#10;Want     | Got ✓   &#10;-------------------&#10;....L... | ....L...&#10;..LLL... | ..LLL...&#10;........ | ........&#10;........ | ........&#10;........ | ........&#10;..OO.... | ..OO....&#10;..OO.... | ..OO....&#10;I.OO.... | I.OO....&#10;ISOOZ... | ISOOZ...&#10;ISSZZ.L. | ISSZZ.L.&#10;I.SZLLL. | I.SZLLL.&#10;&#10;step=67, rand=2, actions=&lt;RotateRight&gt;&#10;Want     | Got ✓   &#10;-------------------&#10;...L.... | ...L....&#10;...L.... | ...L....&#10;...LL... | ...LL...&#10;........ | ........&#10;........ | ........&#10;..OO.... | ..OO....&#10;..OO.... | ..OO....&#10;I.OO.... | I.OO....&#10;ISOOZ... | ISOOZ...&#10;ISSZZ.L. | ISSZZ.L.&#10;I.SZLLL. | I.SZLLL.&#10;&#10;step=68, rand=2, actions=&lt;Right&gt;&#10;Want     | Got ✓   &#10;-------------------&#10;....L... | ....L...&#10;....L... | ....L...&#10;....LL.. | ....LL..&#10;........ | ........&#10;........ | ........&#10;..OO.... | ..OO....&#10;..OO.... | ..OO....&#10;I.OO.... | I.OO....&#10;ISOOZ... | ISOOZ...&#10;ISSZZ.L. | ISSZZ.L.&#10;I.SZLLL. | I.SZLLL.&#10;&#10;step=69, rand=2, actions=&lt;Right&gt;&#10;Want     | Got ✓   &#10;-------------------&#10;.....L.. | .....L..&#10;.....L.. | .....L..&#10;.....LL. | .....LL.&#10;........ | ........&#10;........ | ........&#10;..OO.... | ..OO....&#10;..OO.... | ..OO....&#10;I.OO.... | I.OO....&#10;ISOOZ... | ISOOZ...&#10;ISSZZ.L. | ISSZZ.L.&#10;I.SZLLL. | I.SZLLL.&#10;&#10;step=70, rand=2, actions=&lt;RotateRight&gt;&#10;Want     | Got ✓   &#10;-------------------&#10;........ | ........&#10;....LLL. | ....LLL.&#10;....L... | ....L...&#10;........ | ........&#10;........ | ........&#10;..OO.... | ..OO....&#10;..OO.... | ..OO....&#10;I.OO.... | I.OO....&#10;ISOOZ... | ISOOZ...&#10;ISSZZ.L. | ISSZZ.L.&#10;I.SZLLL. | I.SZLLL.&#10;&#10;step=71, rand=2, actions=&lt;RotateRight&gt;&#10;Want     | Got ✓   &#10;-------------------&#10;....LL.. | ....LL..&#10;.....L.. | .....L..&#10;.....L.. | .....L..&#10;........ | ........&#10;........ | ........&#10;..OO.... | ..OO....&#10;..OO.... | ..OO....&#10;I.OO.... | I.OO....&#10;ISOOZ... | ISOOZ...&#10;ISSZZ.L. | ISSZZ.L.&#10;I.SZLLL. | I.SZLLL.&#10;&#10;step=72, rand=2, actions=&lt;Right&gt;&#10;Want     | Got ✓   &#10;-------------------&#10;.....LL. | .....LL.&#10;......L. | ......L.&#10;......L. | ......L.&#10;........ | ........&#10;........ | ........&#10;..OO.... | ..OO....&#10;..OO.... | ..OO....&#10;I.OO.... | I.OO....&#10;ISOOZ... | ISOOZ...&#10;ISSZZ.L. | ISSZZ.L.&#10;I.SZLLL. | I.SZLLL.&#10;&#10;step=73, rand=2, actions=&lt;Right&gt;&#10;Want     | Got ✓   &#10;-------------------&#10;......LL | ......LL&#10;.......L | .......L&#10;.......L | .......L&#10;........ | ........&#10;........ | ........&#10;..OO.... | ..OO....&#10;..OO.... | ..OO....&#10;I.OO.... | I.OO....&#10;ISOOZ... | ISOOZ...&#10;ISSZZ.L. | ISSZZ.L.&#10;I.SZLLL. | I.SZLLL.&#10;&#10;step=74, rand=2, actions=&lt;Down&gt;&#10;Want     | Got ✓   &#10;-------------------&#10;........ | ........&#10;......LL | ......LL&#10;.......L | .......L&#10;.......L | .......L&#10;........ | ........&#10;..OO.... | ..OO....&#10;..OO.... | ..OO....&#10;I.OO.... | I.OO....&#10;ISOOZ... | ISOOZ...&#10;ISSZZ.L. | ISSZZ.L.&#10;I.SZLLL. | I.SZLLL.&#10;&#10;step=75, rand=2, actions=&lt;Down&gt;&#10;Want     | Got ✓   &#10;-------------------&#10;........ | ........&#10;........ | ........&#10;......LL | ......LL&#10;.......L | .......L&#10;.......L | .......L&#10;..OO.... | ..OO....&#10;..OO.... | ..OO....&#10;I.OO.... | I.OO....&#10;ISOOZ... | ISOOZ...&#10;ISSZZ.L. | ISSZZ.L.&#10;I.SZLLL. | I.SZLLL.&#10;&#10;step=76, rand=2, actions=&lt;Down&gt;&#10;Want     | Got ✓   &#10;-------------------&#10;........ | ........&#10;........ | ........&#10;........ | ........&#10;......LL | ......LL&#10;.......L | .......L&#10;..OO...L | ..OO...L&#10;..OO.... | ..OO....&#10;I.OO.... | I.OO....&#10;ISOOZ... | ISOOZ...&#10;ISSZZ.L. | ISSZZ.L.&#10;I.SZLLL. | I.SZLLL.&#10;&#10;step=77, rand=2, actions=&lt;Down&gt;&#10;Want     | Got ✓   &#10;-------------------&#10;........ | ........&#10;........ | ........&#10;........ | ........&#10;........ | ........&#10;......LL | ......LL&#10;..OO...L | ..OO...L&#10;..OO...L | ..OO...L&#10;I.OO.... | I.OO....&#10;ISOOZ... | ISOOZ...&#10;ISSZZ.L. | ISSZZ.L.&#10;I.SZLLL. | I.SZLLL.&#10;&#10;step=78, rand=2, actions=&lt;Down&gt;&#10;Want     | Got ✓   &#10;-------------------&#10;........ | ........&#10;........ | ........&#10;........ | ........&#10;........ | ........&#10;........ | ........&#10;..OO..LL | ..OO..LL&#10;..OO...L | ..OO...L&#10;I.OO...L | I.OO...L&#10;ISOOZ... | ISOOZ...&#10;ISSZZ.L. | ISSZZ.L.&#10;I.SZLLL. | I.SZLLL.&#10;&#10;step=79, rand=2, actions=&lt;Down&gt;&#10;Want     | Got ✓   &#10;-------------------&#10;........ | ........&#10;........ | ........&#10;........ | ........&#10;........ | ........&#10;........ | ........&#10;..OO.... | ..OO....&#10;..OO..LL | ..OO..LL&#10;I.OO...L | I.OO...L&#10;ISOOZ..L | ISOOZ..L&#10;ISSZZ.L. | ISSZZ.L.&#10;I.SZLLL. | I.SZLLL.&#10;&#10;step=80, rand=2, actions=&lt;Down&gt;&#10;Want     | Got ✓   &#10;-------------------&#10;........ | ........&#10;........ | ........&#10;........ | ........&#10;........ | ........&#10;........ | ........&#10;..OO.... | ..OO....&#10;..OO.... | ..OO....&#10;I.OO..LL | I.OO..LL&#10;ISOOZ..L | ISOOZ..L&#10;ISSZZ.LL | ISSZZ.LL&#10;I.SZLLL. | I.SZLLL.&#10;&#10;step=81, rand=2, actions=&lt;Down&gt;&#10;Want     | Got ✓   &#10;-------------------&#10;........ | ........&#10;........ | ........&#10;........ | ........&#10;........ | ........&#10;........ | ........&#10;..OO.... | ..OO....&#10;..OO.... | ..OO....&#10;I.OO.... | I.OO....&#10;ISOOZ.LL | ISOOZ.LL&#10;ISSZZ.LL | ISSZZ.LL&#10;I.SZLLLL | I.SZLLLL&#10;&#10;step=82, rand=5, actions=&lt;Down&gt;&#10;Want     | Got ✓   &#10;-------------------&#10;...T.... | ...T....&#10;..TTT... | ..TTT...&#10;........ | ........&#10;........ | ........&#10;........ | ........&#10;..OO.... | ..OO....&#10;..OO.... | ..OO....&#10;I.OO.... | I.OO....&#10;ISOOZ.LL | ISOOZ.LL&#10;ISSZZ.LL | ISSZZ.LL&#10;I.SZLLLL | I.SZLLLL&#10;&#10;step=83, rand=5, actions=&lt;Right&gt;&#10;Want     | Got ✓   &#10;-------------------&#10;....T... | ....T...&#10;...TTT.. | ...TTT..&#10;........ | ........&#10;........ | ........&#10;........ | ........&#10;..OO.... | ..OO....&#10;..OO.... | ..OO....&#10;I.OO.... | I.OO....&#10;ISOOZ.LL | ISOOZ.LL&#10;ISSZZ.LL | ISSZZ.LL&#10;I.SZLLLL | I.SZLLLL&#10;&#10;step=84, rand=5, actions=&lt;Right&gt;&#10;Want     | Got ✓   &#10;-------------------&#10;.....T.. | .....T..&#10;....TTT. | ....TTT.&#10;........ | ........&#10;........ | ........&#10;........ | ........&#10;..OO.... | ..OO....&#10;..OO.... | ..OO....&#10;I.OO.... | I.OO....&#10;ISOOZ.LL | ISOOZ.LL&#10;ISSZZ.LL | ISSZZ.LL&#10;I.SZLLLL | I.SZLLLL&#10;&#10;step=85, rand=5, actions=&lt;RotateRight&gt;&#10;Want     | Got ✓   &#10;-------------------&#10;.....T.. | .....T..&#10;.....TT. | .....TT.&#10;.....T.. | .....T..&#10;........ | ........&#10;........ | ........&#10;..OO.... | ..OO....&#10;..OO.... | ..OO....&#10;I.OO.... | I.OO....&#10;ISOOZ.LL | ISOOZ.LL&#10;ISSZZ.LL | ISSZZ.LL&#10;I.SZLLLL | I.SZLLLL&#10;&#10;step=86, rand=5, actions=&lt;RotateRight&gt;&#10;Want     | Got ✓   &#10;-------------------&#10;........ | ........&#10;....TTT. | ....TTT.&#10;.....T.. | .....T..&#10;........ | ........&#10;........ | ........&#10;..OO.... | ..OO....&#10;..OO.... | ..OO....&#10;I.OO.... | I.OO....&#10;ISOOZ.LL | ISOOZ.LL&#10;ISSZZ.LL | ISSZZ.LL&#10;I.SZLLLL | I.SZLLLL&#10;&#10;step=87, rand=5, actions=&lt;Down&gt;&#10;Want     | Got ✓   &#10;-------------------&#10;........ | ........&#10;........ | ........&#10;....TTT. | ....TTT.&#10;.....T.. | .....T..&#10;........ | ........&#10;..OO.... | ..OO....&#10;..OO.... | ..OO....&#10;I.OO.... | I.OO....&#10;ISOOZ.LL | ISOOZ.LL&#10;ISSZZ.LL | ISSZZ.LL&#10;I.SZLLLL | I.SZLLLL&#10;&#10;step=88, rand=5, actions=&lt;Down&gt;&#10;Want     | Got ✓   &#10;-------------------&#10;........ | ........&#10;........ | ........&#10;........ | ........&#10;....TTT. | ....TTT.&#10;.....T.. | .....T..&#10;..OO.... | ..OO....&#10;..OO.... | ..OO....&#10;I.OO.... | I.OO....&#10;ISOOZ.LL | ISOOZ.LL&#10;ISSZZ.LL | ISSZZ.LL&#10;I.SZLLLL | I.SZLLLL&#10;&#10;step=89, rand=5, actions=&lt;Down&gt;&#10;Want     | Got ✓   &#10;-------------------&#10;........ | ........&#10;........ | ........&#10;........ | ........&#10;........ | ........&#10;....TTT. | ....TTT.&#10;..OO.T.. | ..OO.T..&#10;..OO.... | ..OO....&#10;I.OO.... | I.OO....&#10;ISOOZ.LL | ISOOZ.LL&#10;ISSZZ.LL | ISSZZ.LL&#10;I.SZLLLL | I.SZLLLL&#10;&#10;step=90, rand=5, actions=&lt;Down&gt;&#10;Want     | Got ✓   &#10;-------------------&#10;........ | ........&#10;........ | ........&#10;........ | ........&#10;........ | ........&#10;........ | ........&#10;..OOTTT. | ..OOTTT.&#10;..OO.T.. | ..OO.T..&#10;I.OO.... | I.OO....&#10;ISOOZ.LL | ISOOZ.LL&#10;ISSZZ.LL | ISSZZ.LL&#10;I.SZLLLL | I.SZLLLL&#10;&#10;step=91, rand=5, actions=&lt;Down&gt;&#10;Want     | Got ✓   &#10;-------------------&#10;........ | ........&#10;........ | ........&#10;........ | ........&#10;........ | ........&#10;........ | ........&#10;..OO.... | ..OO....&#10;..OOTTT. | ..OOTTT.&#10;I.OO.T.. | I.OO.T..&#10;ISOOZ.LL | ISOOZ.LL&#10;ISSZZ.LL | ISSZZ.LL&#10;I.SZLLLL | I.SZLLLL&#10;&#10;step=92, rand=5, actions=&lt;Down&gt;&#10;Want     | Got ✓   &#10;-------------------&#10;........ | ........&#10;........ | ........&#10;........ | ........&#10;........ | ........&#10;........ | ........&#10;..OO.... | ..OO....&#10;..OO.... | ..OO....&#10;I.OOTTT. | I.OOTTT.&#10;ISOOZTLL | ISOOZTLL&#10;ISSZZ.LL | ISSZZ.LL&#10;I.SZLLLL | I.SZLLLL&#10;&#10;step=93, rand=4, actions=&lt;Down&gt;&#10;Want     | Got ✓   &#10;-------------------&#10;...SS... | ...SS...&#10;..SS.... | ..SS....&#10;........ | ........&#10;........ | ........&#10;........ | ........&#10;........ | ........&#10;..OO.... | ..OO....&#10;..OO.... | ..OO....&#10;I.OOTTT. | I.OOTTT.&#10;ISSZZ.LL | ISSZZ.LL&#10;I.SZLLLL | I.SZLLLL&#10;&#10;step=94, rand=4, actions=&lt;Right&gt;&#10;Want     | Got ✓   &#10;-------------------&#10;....SS.. | ....SS..&#10;...SS... | ...SS...&#10;........ | ........&#10;........ | ........&#10;........ | ........&#10;........ | ........&#10;..OO.... | ..OO....&#10;..OO.... | ..OO....&#10;I.OOTTT. | I.OOTTT.&#10;ISSZZ.LL | ISSZZ.LL&#10;I.SZLLLL | I.SZLLLL&#10;&#10;step=95, rand=4, actions=&lt;RotateRight&gt;&#10;Want     | Got ✓   &#10;-------------------&#10;....S... | ....S...&#10;....SS.. | ....SS..&#10;.....S.. | .....S..&#10;........ | ........&#10;........ | ........&#10;........ | ........&#10;..OO.... | ..OO....&#10;..OO.... | ..OO....&#10;I.OOTTT. | I.OOTTT.&#10;ISSZZ.LL | ISSZZ.LL&#10;I.SZLLLL | I.SZLLLL&#10;&#10;step=96, rand=4, actions=&lt;Right&gt;&#10;Want     | Got ✓   &#10;-------------------&#10;.....S.. | .....S..&#10;.....SS. | .....SS.&#10;......S. | ......S.&#10;........ | ........&#10;........ | ........&#10;........ | ........&#10;..OO.... | ..OO....&#10;..OO.... | ..OO....&#10;I.OOTTT. | I.OOTTT.&#10;ISSZZ.LL | ISSZZ.LL&#10;I.SZLLLL | I.SZLLLL&#10;&#10;step=97, rand=4, actions=&lt;Right&gt;&#10;Want     | Got ✓   &#10;-------------------&#10;......S. | ......S.&#10;......SS | ......SS&#10;.......S | .......S&#10;........ | ........&#10;........ | ........&#10;........ | ........&#10;..OO.... | ..OO....&#10;..OO.... | ..OO....&#10;I.OOTTT. | I.OOTTT.&#10;ISSZZ.LL | ISSZZ.LL&#10;I.SZLLLL | I.SZLLLL&#10;&#10;step=98, rand=4, actions=&lt;Down&gt;&#10;Want     | Got ✓   &#10;-------------------&#10;........ | ........&#10;......S. | ......S.&#10;......SS | ......SS&#10;.......S | .......S&#10;........ | ........&#10;........ | ........&#10;..OO.... | ..OO....&#10;..OO.... | ..OO....&#10;I.OOTTT. | I.OOTTT.&#10;ISSZZ.LL | ISSZZ.LL&#10;I.SZLLLL | I.SZLLLL&#10;&#10;step=99, rand=4, actions=&lt;Down&gt;&#10;Want     | Got ✓   &#10;-------------------&#10;........ | ........&#10;........ | ........&#10;......S. | ......S.&#10;......SS | ......SS&#10;.......S | .......S&#10;........ | ........&#10;..OO.... | ..OO....&#10;..OO.... | ..OO....&#10;I.OOTTT. | I.OOTTT.&#10;ISSZZ.LL | ISSZZ.LL&#10;I.SZLLLL | I.SZLLLL&#10;&#10;step=100, rand=4, actions=&lt;Down&gt;&#10;Want     | Got ✓   &#10;-------------------&#10;........ | ........&#10;........ | ........&#10;........ | ........&#10;......S. | ......S.&#10;......SS | ......SS&#10;.......S | .......S&#10;..OO.... | ..OO....&#10;..OO.... | ..OO....&#10;I.OOTTT. | I.OOTTT.&#10;ISSZZ.LL | ISSZZ.LL&#10;I.SZLLLL | I.SZLLLL&#10;&#10;step=101, rand=4, actions=&lt;Down&gt;&#10;Want     | Got ✓   &#10;-------------------&#10;........ | ........&#10;........ | ........&#10;........ | ........&#10;........ | ........&#10;......S. | ......S.&#10;......SS | ......SS&#10;..OO...S | ..OO...S&#10;..OO.... | ..OO....&#10;I.OOTTT. | I.OOTTT.&#10;ISSZZ.LL | ISSZZ.LL&#10;I.SZLLLL | I.SZLLLL&#10;&#10;step=102, rand=4, actions=&lt;Down&gt;&#10;Want     | Got ✓   &#10;-------------------&#10;........ | ........&#10;........ | ........&#10;........ | ........&#10;........ | ........&#10;........ | ........&#10;......S. | ......S.&#10;..OO..SS | ..OO..SS&#10;..OO...S | ..OO...S&#10;I.OOTTT. | I.OOTTT.&#10;ISSZZ.LL | ISSZZ.LL&#10;I.SZLLLL | I.SZLLLL&#10;&#10;step=103, rand=4, actions=&lt;Down&gt;&#10;Want     | Got ✓   &#10;-------------------&#10;........ | ........&#10;........ | ........&#10;........ | ........&#10;........ | ........&#10;........ | ........&#10;........ | ........&#10;..OO..S. | ..OO..S.&#10;..OO..SS | ..OO..SS&#10;I.OOTTTS | I.OOTTTS&#10;ISSZZ.LL | ISSZZ.LL&#10;I.SZLLLL | I.SZLLLL&#10;&#10;step=104, rand=5, actions=&lt;Down&gt;&#10;Want     | Got ✓   &#10;-------------------&#10;...T.... | ...T....&#10;..TTT... | ..TTT...&#10;........ | ........&#10;........ | ........&#10;........ | ........&#10;........ | ........&#10;..OO..S. | ..OO..S.&#10;..OO..SS | ..OO..SS&#10;I.OOTTTS | I.OOTTTS&#10;ISSZZ.LL | ISSZZ.LL&#10;I.SZLLLL | I.SZLLLL&#10;&#10;step=105, rand=5, actions=&lt;Left&gt;&#10;Want     | Got ✓   &#10;-------------------&#10;..T..... | ..T.....&#10;.TTT.... | .TTT....&#10;........ | ........&#10;........ | ........&#10;........ | ........&#10;........ | ........&#10;..OO..S. | ..OO..S.&#10;..OO..SS | ..OO..SS&#10;I.OOTTTS | I.OOTTTS&#10;ISSZZ.LL | ISSZZ.LL&#10;I.SZLLLL | I.SZLLLL&#10;&#10;step=106, rand=5, actions=&lt;RotateRight&gt;&#10;Want     | Got ✓   &#10;-------------------&#10;..T..... | ..T.....&#10;..TT.... | ..TT....&#10;..T..... | ..T.....&#10;........ | ........&#10;........ | ........&#10;........ | ........&#10;..OO..S. | ..OO..S.&#10;..OO..SS | ..OO..SS&#10;I.OOTTTS | I.OOTTTS&#10;ISSZZ.LL | ISSZZ.LL&#10;I.SZLLLL | I.SZLLLL&#10;&#10;step=107, rand=5, actions=&lt;Left&gt;&#10;Want     | Got ✓   &#10;-------------------&#10;.T...... | .T......&#10;.TT..... | .TT.....&#10;.T...... | .T......&#10;........ | ........&#10;........ | ........&#10;........ | ........&#10;..OO..S. | ..OO..S.&#10;..OO..SS | ..OO..SS&#10;I.OOTTTS | I.OOTTTS&#10;ISSZZ.LL | ISSZZ.LL&#10;I.SZLLLL | I.SZLLLL&#10;&#10;step=108, rand=5, actions=&lt;RotateRight&gt;&#10;Want     | Got ✓   &#10;-------------------&#10;........ | ........&#10;TTT..... | TTT.....&#10;.T...... | .T......&#10;........ | ........&#10;........ | ........&#10;........ | ........&#10;..OO..S. | ..OO..S.&#10;..OO..SS | ..OO..SS&#10;I.OOTTTS | I.OOTTTS&#10;ISSZZ.LL | ISSZZ.LL&#10;I.SZLLLL | I.SZLLLL&#10;&#10;step=109, rand=5, actions=&lt;RotateRight&gt;&#10;Want     | Got ✓   &#10;-------------------&#10;.T...... | .T......&#10;TT...... | TT......&#10;.T...... | .T......&#10;........ | ........&#10;........ | ........&#10;........ | ........&#10;..OO..S. | ..OO..S.&#10;..OO..SS | ..OO..SS&#10;I.OOTTTS | I.OOTTTS&#10;ISSZZ.LL | ISSZZ.LL&#10;I.SZLLLL | I.SZLLLL&#10;&#10;step=110, rand=5, actions=&lt;Down&gt;&#10;Want     | Got ✓   &#10;-------------------&#10;........ | ........&#10;.T...... | .T......&#10;TT...... | TT......&#10;.T...... | .T......&#10;........ | ........&#10;........ | ........&#10;..OO..S. | ..OO..S.&#10;..OO..SS | ..OO..SS&#10;I.OOTTTS | I.OOTTTS&#10;ISSZZ.LL | ISSZZ.LL&#10;I.SZLLLL | I.SZLLLL&#10;&#10;step=111, rand=5, actions=&lt;Down&gt;&#10;Want     | Got ✓   &#10;-------------------&#10;........ | ........&#10;........ | ........&#10;.T...... | .T......&#10;TT...... | TT......&#10;.T...... | .T......&#10;........ | ........&#10;..OO..S. | ..OO..S.&#10;..OO..SS | ..OO..SS&#10;I.OOTTTS | I.OOTTTS&#10;ISSZZ.LL | ISSZZ.LL&#10;I.SZLLLL | I.SZLLLL&#10;&#10;step=112, rand=5, actions=&lt;Down&gt;&#10;Want     | Got ✓   &#10;-------------------&#10;........ | ........&#10;........ | ........&#10;........ | ........&#10;.T...... | .T......&#10;TT...... | TT......&#10;.T...... | .T......&#10;..OO..S. | ..OO..S.&#10;..OO..SS | ..OO..SS&#10;I.OOTTTS | I.OOTTTS&#10;ISSZZ.LL | ISSZZ.LL&#10;I.SZLLLL | I.SZLLLL&#10;&#10;step=113, rand=5, actions=&lt;Down&gt;&#10;Want     | Got ✓   &#10;-------------------&#10;........ | ........&#10;........ | ........&#10;........ | ........&#10;........ | ........&#10;.T...... | .T......&#10;TT...... | TT......&#10;.TOO..S. | .TOO..S.&#10;..OO..SS | ..OO..SS&#10;I.OOTTTS | I.OOTTTS&#10;ISSZZ.LL | ISSZZ.LL&#10;I.SZLLLL | I.SZLLLL&#10;&#10;step=114, rand=5, actions=&lt;Down&gt;&#10;Want     | Got ✓   &#10;-------------------&#10;........ | ........&#10;........ | ........&#10;........ | ........&#10;........ | ........&#10;........ | ........&#10;.T...... | .T......&#10;TTOO..S. | TTOO..S.&#10;.TOO..SS | .TOO..SS&#10;I.OOTTTS | I.OOTTTS&#10;ISSZZ.LL | ISSZZ.LL&#10;I.SZLLLL | I.SZLLLL&#10;&#10;step=115, rand=5, actions=&lt;Down&gt;&#10;Want     | Got ✓   &#10;-------------------&#10;........ | ........&#10;........ | ........&#10;........ | ........&#10;........ | ........&#10;........ | ........&#10;........ | ........&#10;.TOO..S. | .TOO..S.&#10;TTOO..SS | TTOO..SS&#10;ITOOTTTS | ITOOTTTS&#10;ISSZZ.LL | ISSZZ.LL&#10;I.SZLLLL | I.SZLLLL&#10;&#10;step=116, rand=4, actions=&lt;Down&gt;&#10;Want     | Got ✓   &#10;-------------------&#10;...SS... | ...SS...&#10;..SS.... | ..SS....&#10;........ | ........&#10;........ | ........&#10;........ | ........&#10;........ | ........&#10;........ | ........&#10;.TOO..S. | .TOO..S.&#10;TTOO..SS | TTOO..SS&#10;ISSZZ.LL | ISSZZ.LL&#10;I.SZLLLL | I.SZLLLL&#10;&#10;step=117, rand=4, actions=&lt;RotateRight&gt;&#10;Want     | Got ✓   &#10;-------------------&#10;...S.... | ...S....&#10;...SS... | ...SS...&#10;....S... | ....S...&#10;........ | ........&#10;........ | ........&#10;........ | ........&#10;........ | ........&#10;.TOO..S. | .TOO..S.&#10;TTOO..SS | TTOO..SS&#10;ISSZZ.LL | ISSZZ.LL&#10;I.SZLLLL | I.SZLLLL&#10;&#10;step=118, rand=4, actions=&lt;Right&gt;&#10;Want     | Got ✓   &#10;-------------------&#10;....S... | ....S...&#10;....SS.. | ....SS..&#10;.....S.. | .....S..&#10;........ | ........&#10;........ | ........&#10;........ | ........&#10;........ | ........&#10;.TOO..S. | .TOO..S.&#10;TTOO..SS | TTOO..SS&#10;ISSZZ.LL | ISSZZ.LL&#10;I.SZLLLL | I.SZLLLL&#10;&#10;step=119, rand=4, actions=&lt;Down&gt;&#10;Want     | Got ✓   &#10;-------------------&#10;........ | ........&#10;....S... | ....S...&#10;....SS.. | ....SS..&#10;.....S.. | .....S..&#10;........ | ........&#10;........ | ........&#10;........ | ........&#10;.TOO..S. | .TOO..S.&#10;TTOO..SS | TTOO..SS&#10;ISSZZ.LL | ISSZZ.LL&#10;I.SZLLLL | I.SZLLLL&#10;&#10;step=120, rand=4, actions=&lt;Down&gt;&#10;Want     | Got ✓   &#10;-------------------&#10;........ | ........&#10;........ | ........&#10;....S... | ....S...&#10;....SS.. | ....SS..&#10;.....S.. | .....S..&#10;........ | ........&#10;........ | ........&#10;.TOO..S. | .TOO..S.&#10;TTOO..SS | TTOO..SS&#10;ISSZZ.LL | ISSZZ.LL&#10;I.SZLLLL | I.SZLLLL&#10;&#10;step=121, rand=4, actions=&lt;Down&gt;&#10;Want     | Got ✓   &#10;-------------------&#10;........ | ........&#10;........ | ........&#10;........ | ........&#10;....S... | ....S...&#10;....SS.. | ....SS..&#10;.....S.. | .....S..&#10;........ | ........&#10;.TOO..S. | .TOO..S.&#10;TTOO..SS | TTOO..SS&#10;ISSZZ.LL | ISSZZ.LL&#10;I.SZLLLL | I.SZLLLL&#10;&#10;step=122, rand=4, actions=&lt;Down&gt;&#10;Want     | Got ✓   &#10;-------------------&#10;........ | ........&#10;........ | ........&#10;........ | ........&#10;........ | ........&#10;....S... | ....S...&#10;....SS.. | ....SS..&#10;.....S.. | .....S..&#10;.TOO..S. | .TOO..S.&#10;TTOO..SS | TTOO..SS&#10;ISSZZ.LL | ISSZZ.LL&#10;I.SZLLLL | I.SZLLLL&#10;&#10;step=123, rand=4, actions=&lt;Down&gt;&#10;Want     | Got ✓   &#10;-------------------&#10;........ | ........&#10;........ | ........&#10;........ | ........&#10;........ | ........&#10;........ | ........&#10;....S... | ....S...&#10;....SS.. | ....SS..&#10;.TOO.SS. | .TOO.SS.&#10;TTOO..SS | TTOO..SS&#10;ISSZZ.LL | ISSZZ.LL&#10;I.SZLLLL | I.SZLLLL&#10;&#10;step=124, rand=4, actions=&lt;Down&gt;&#10;Want     | Got ✓   &#10;-------------------&#10;........ | ........&#10;........ | ........&#10;........ | ........&#10;........ | ........&#10;........ | ........&#10;........ | ........&#10;....S... | ....S...&#10;.TOOSSS. | .TOOSSS.&#10;TTOO.SSS | TTOO.SSS&#10;ISSZZ.LL | ISSZZ.LL&#10;I.SZLLLL | I.SZLLLL&#10;&#10;step=125, rand=4, actions=&lt;Down&gt;&#10;Want     | Got ✓   &#10;-------------------&#10;........ | ........&#10;........ | ........&#10;........ | ........&#10;........ | ........&#10;........ | ........&#10;........ | ........&#10;........ | ........&#10;.TOOS.S. | .TOOS.S.&#10;TTOOSSSS | TTOOSSSS&#10;ISSZZSLL | ISSZZSLL&#10;I.SZLLLL | I.SZLLLL&#10;&#10;step=126, rand=3, actions=&lt;Down&gt;&#10;Want     | Got ✓   &#10;-------------------&#10;...OO... | ...OO...&#10;...OO... | ...OO...&#10;........ | ........&#10;........ | ........&#10;........ | ........&#10;........ | ........&#10;........ | ........&#10;........ | ........&#10;........ | ........&#10;.TOOS.S. | .TOOS.S.&#10;I.SZLLLL | I.SZLLLL&#10;&#10;step=127, rand=3, actions=&lt;Left&gt;&#10;Want     | Got ✓   &#10;-------------------&#10;..OO.... | ..OO....&#10;..OO.... | ..OO....&#10;........ | ........&#10;........ | ........&#10;........ | ........&#10;........ | ........&#10;........ | ........&#10;........ | ........&#10;........ | ........&#10;.TOOS.S. | .TOOS.S.&#10;I.SZLLLL | I.SZLLLL&#10;&#10;step=128, rand=3, actions=&lt;Left&gt;&#10;Want     | Got ✓   &#10;-------------------&#10;.OO..... | .OO.....&#10;.OO..... | .OO.....&#10;........ | ........&#10;........ | ........&#10;........ | ........&#10;........ | ........&#10;........ | ........&#10;........ | ........&#10;........ | ........&#10;.TOOS.S. | .TOOS.S.&#10;I.SZLLLL | I.SZLLLL&#10;&#10;step=129, rand=3, actions=&lt;Down&gt;&#10;Want     | Got ✓   &#10;-------------------&#10;........ | ........&#10;.OO..... | .OO.....&#10;.OO..... | .OO.....&#10;........ | ........&#10;........ | ........&#10;........ | ........&#10;........ | ........&#10;........ | ........&#10;........ | ........&#10;.TOOS.S. | .TOOS.S.&#10;I.SZLLLL | I.SZLLLL&#10;&#10;step=130, rand=3, actions=&lt;Right&gt;&#10;Want     | Got ✓   &#10;-------------------&#10;........ | ........&#10;..OO.... | ..OO....&#10;..OO.... | ..OO....&#10;........ | ........&#10;........ | ........&#10;........ | ........&#10;........ | ........&#10;........ | ........&#10;........ | ........&#10;.TOOS.S. | .TOOS.S.&#10;I.SZLLLL | I.SZLLLL&#10;&#10;step=131, rand=3, actions=&lt;Down&gt;&#10;Want     | Got ✓   &#10;-------------------&#10;........ | ........&#10;........ | ........&#10;..OO.... | ..OO....&#10;..OO.... | ..OO....&#10;........ | ........&#10;........ | ........&#10;........ | ........&#10;........ | ........&#10;........ | ........&#10;.TOOS.S. | .TOOS.S.&#10;I.SZLLLL | I.SZLLLL&#10;&#10;step=132, rand=3, actions=&lt;Down&gt;&#10;Want     | Got ✓   &#10;-------------------&#10;........ | ........&#10;........ | ........&#10;........ | ........&#10;..OO.... | ..OO....&#10;..OO.... | ..OO....&#10;........ | ........&#10;........ | ........&#10;........ | ........&#10;........ | ........&#10;.TOOS.S. | .TOOS.S.&#10;I.SZLLLL | I.SZLLLL&#10;&#10;step=133, rand=3, actions=&lt;Down&gt;&#10;Want     | Got ✓   &#10;-------------------&#10;........ | ........&#10;........ | ........&#10;........ | ........&#10;........ | ........&#10;..OO.... | ..OO....&#10;..OO.... | ..OO....&#10;........ | ........&#10;........ | ........&#10;........ | ........&#10;.TOOS.S. | .TOOS.S.&#10;I.SZLLLL | I.SZLLLL&#10;&#10;step=134, rand=3, actions=&lt;Down&gt;&#10;Want     | Got ✓   &#10;-------------------&#10;........ | ........&#10;........ | ........&#10;........ | ........&#10;........ | ........&#10;........ | ........&#10;..OO.... | ..OO....&#10;..OO.... | ..OO....&#10;........ | ........&#10;........ | ........&#10;.TOOS.S. | .TOOS.S.&#10;I.SZLLLL | I.SZLLLL&#10;&#10;step=135, rand=3, actions=&lt;Down&gt;&#10;Want     | Got ✓   &#10;-------------------&#10;........ | ........&#10;........ | ........&#10;........ | ........&#10;........ | ........&#10;........ | ........&#10;........ | ........&#10;..OO.... | ..OO....&#10;..OO.... | ..OO....&#10;........ | ........&#10;.TOOS.S. | .TOOS.S.&#10;I.SZLLLL | I.SZLLLL&#10;&#10;step=136, rand=3, actions=&lt;Down&gt;&#10;Want     | Got ✓   &#10;-------------------&#10;........ | ........&#10;........ | ........&#10;........ | ........&#10;........ | ........&#10;........ | ........&#10;........ | ........&#10;........ | ........&#10;..OO.... | ..OO....&#10;..OO.... | ..OO....&#10;.TOOS.S. | .TOOS.S.&#10;I.SZLLLL | I.SZLLLL&#10;&#10;step=137, rand=2, actions=&lt;Down&gt;&#10;Want     | Got ✓   &#10;-------------------&#10;....L... | ....L...&#10;..LLL... | ..LLL...&#10;........ | ........&#10;........ | ........&#10;........ | ........&#10;........ | ........&#10;........ | ........&#10;..OO.... | ..OO....&#10;..OO.... | ..OO....&#10;.TOOS.S. | .TOOS.S.&#10;I.SZLLLL | I.SZLLLL&#10;&#10;step=138, rand=2, actions=&lt;RotateRight&gt;&#10;Want     | Got ✓   &#10;-------------------&#10;...L.... | ...L....&#10;...L.... | ...L....&#10;...LL... | ...LL...&#10;........ | ........&#10;........ | ........&#10;........ | ........&#10;........ | ........&#10;..OO.... | ..OO....&#10;..OO.... | ..OO....&#10;.TOOS.S. | .TOOS.S.&#10;I.SZLLLL | I.SZLLLL&#10;&#10;step=139, rand=2, actions=&lt;RotateRight&gt;&#10;Want     | Got ✓   &#10;-------------------&#10;........ | ........&#10;..LLL... | ..LLL...&#10;..L..... | ..L.....&#10;........ | ........&#10;........ | ........&#10;........ | ........&#10;........ | ........&#10;..OO.... | ..OO....&#10;..OO.... | ..OO....&#10;.TOOS.S. | .TOOS.S.&#10;I.SZLLLL | I.SZLLLL&#10;&#10;step=140, rand=2, actions=&lt;RotateRight&gt;&#10;Want     | Got ✓   &#10;-------------------&#10;..LL.... | ..LL....&#10;...L.... | ...L....&#10;...L.... | ...L....&#10;........ | ........&#10;........ | ........&#10;........ | ........&#10;........ | ........&#10;..OO.... | ..OO....&#10;..OO.... | ..OO....&#10;.TOOS.S. | .TOOS.S.&#10;I.SZLLLL | I.SZLLLL&#10;&#10;step=141, rand=2, actions=&lt;Right&gt;&#10;Want     | Got ✓   &#10;-------------------&#10;...LL... | ...LL...&#10;....L... | ....L...&#10;....L... | ....L...&#10;........ | ........&#10;........ | ........&#10;........ | ........&#10;........ | ........&#10;..OO.... | ..OO....&#10;..OO.... | ..OO....&#10;.TOOS.S. | .TOOS.S.&#10;I.SZLLLL | I.SZLLLL&#10;&#10;step=142, rand=2, actions=&lt;Down&gt;&#10;Want     | Got ✓   &#10;-------------------&#10;........ | ........&#10;...LL... | ...LL...&#10;....L... | ....L...&#10;....L... | ....L...&#10;........ | ........&#10;........ | ........&#10;........ | ........&#10;..OO.... | ..OO....&#10;..OO.... | ..OO....&#10;.TOOS.S. | .TOOS.S.&#10;I.SZLLLL | I.SZLLLL&#10;&#10;step=143, rand=2, actions=&lt;Down&gt;&#10;Want     | Got ✓   &#10;-------------------&#10;........ | ........&#10;........ | ........&#10;...LL... | ...LL...&#10;....L... | ....L...&#10;....L... | ....L...&#10;........ | ........&#10;........ | ........&#10;..OO.... | ..OO....&#10;..OO.... | ..OO....&#10;.TOOS.S. | .TOOS.S.&#10;I.SZLLLL | I.SZLLLL&#10;&#10;step=144, rand=2, actions=&lt;Down&gt;&#10;Want     | Got ✓   &#10;-------------------&#10;........ | ........&#10;........ | ........&#10;........ | ........&#10;...LL... | ...LL...&#10;....L... | ....L...&#10;....L... | ....L...&#10;........ | ........&#10;..OO.... | ..OO....&#10;..OO.... | ..OO....&#10;.TOOS.S. | .TOOS.S.&#10;I.SZLLLL | I.SZLLLL&#10;&#10;step=145, rand=2, actions=&lt;Down&gt;&#10;Want     | Got ✓   &#10;-------------------&#10;........ | ........&#10;........ | ........&#10;........ | ........&#10;........ | ........&#10;...LL... | ...LL...&#10;....L... | ....L...&#10;....L... | ....L...&#10;..OO.... | ..OO....&#10;..OO.... | ..OO....&#10;.TOOS.S. | .TOOS.S.&#10;I.SZLLLL | I.SZLLLL&#10;&#10;step=146, rand=2, actions=&lt;Down&gt;&#10;Want     | Got ✓   &#10;-------------------&#10;........ | ........&#10;........ | ........&#10;........ | ........&#10;........ | ........&#10;........ | ........&#10;...LL... | ...LL...&#10;....L... | ....L...&#10;..OOL... | ..OOL...&#10;..OO.... | ..OO....&#10;.TOOS.S. | .TOOS.S.&#10;I.SZLLLL | I.SZLLLL&#10;&#10;step=147, rand=2, actions=&lt;Down&gt;&#10;Want     | Got ✓   &#10;-------------------&#10;........ | ........&#10;........ | ........&#10;........ | ........&#10;........ | ........&#10;........ | ........&#10;........ | ........&#10;...LL... | ...LL...&#10;..OOL... | ..OOL...&#10;..OOL... | ..OOL...&#10;.TOOS.S. | .TOOS.S.&#10;I.SZLLLL | I.SZLLLL&#10;&#10;step=148, rand=1, actions=&lt;Down&gt;&#10;Want     | Got ✓   &#10;-------------------&#10;..J..... | ..J.....&#10;..JJJ... | ..JJJ...&#10;........ | ........&#10;........ | ........&#10;........ | ........&#10;........ | ........&#10;...LL... | ...LL...&#10;..OOL... | ..OOL...&#10;..OOL... | ..OOL...&#10;.TOOS.S. | .TOOS.S.&#10;I.SZLLLL | I.SZLLLL&#10;&#10;step=149, rand=1, actions=&lt;RotateRight&gt;&#10;Want     | Got ✓   &#10;-------------------&#10;...JJ... | ...JJ...&#10;...J.... | ...J....&#10;...J.... | ...J....&#10;........ | ........&#10;........ | ........&#10;........ | ........&#10;...LL... | ...LL...&#10;..OOL... | ..OOL...&#10;..OOL... | ..OOL...&#10;.TOOS.S. | .TOOS.S.&#10;I.SZLLLL | I.SZLLLL&#10;&#10;step=150, rand=1, actions=&lt;Right&gt;&#10;Want     | Got ✓   &#10;-------------------&#10;....JJ.. | ....JJ..&#10;....J... | ....J...&#10;....J... | ....J...&#10;........ | ........&#10;........ | ........&#10;........ | ........&#10;...LL... | ...LL...&#10;..OOL... | ..OOL...&#10;..OOL... | ..OOL...&#10;.TOOS.S. | .TOOS.S.&#10;I.SZLLLL | I.SZLLLL&#10;&#10;step=151, rand=1, actions=&lt;RotateRight&gt;&#10;Want     | Got ✓   &#10;-------------------&#10;........ | ........&#10;...JJJ.. | ...JJJ..&#10;.....J.. | .....J..&#10;........ | ........&#10;........ | ........&#10;........ | ........&#10;...LL... | ...LL...&#10;..OOL... | ..OOL...&#10;..OOL... | ..OOL...&#10;.TOOS.S. | .TOOS.S.&#10;I.SZLLLL | I.SZLLLL&#10;&#10;step=152, rand=1, actions=&lt;Right&gt;&#10;Want     | Got ✓   &#10;-------------------&#10;........ | ........&#10;....JJJ. | ....JJJ.&#10;......J. | ......J.&#10;........ | ........&#10;........ | ........&#10;........ | ........&#10;...LL... | ...LL...&#10;..OOL... | ..OOL...&#10;..OOL... | ..OOL...&#10;.TOOS.S. | .TOOS.S.&#10;I.SZLLLL | I.SZLLLL&#10;&#10;step=153, rand=1, actions=&lt;Right&gt;&#10;Want     | Got ✓   &#10;-------------------&#10;........ | ........&#10;.....JJJ | .....JJJ&#10;.......J | .......J&#10;........ | ........&#10;........ | ........&#10;........ | ........&#10;...LL... | ...LL...&#10;..OOL... | ..OOL...&#10;..OOL... | ..OOL...&#10;.TOOS.S. | .TOOS.S.&#10;I.SZLLLL | I.SZLLLL&#10;&#10;step=154, rand=1, actions=&lt;Right&gt;&#10;Want     | Got ✓   &#10;-------------------&#10;........ | ........&#10;.....JJJ | .....JJJ&#10;.......J | .......J&#10;........ | ........&#10;........ | ........&#10;........ | ........&#10;...LL... | ...LL...&#10;..OOL... | ..OOL...&#10;..OOL... | ..OOL...&#10;.TOOS.S. | .TOOS.S.&#10;I.SZLLLL | I.SZLLLL&#10;&#10;step=155, rand=1, actions=&lt;Down&gt;&#10;Want     | Got ✓   &#10;-------------------&#10;........ | ........&#10;........ | ........&#10;.....JJJ | .....JJJ&#10;.......J | .......J&#10;........ | ........&#10;........ | ........&#10;...LL... | ...LL...&#10;..OOL... | ..OOL...&#10;..OOL... | ..OOL...&#10;.TOOS.S. | .TOOS.S.&#10;I.SZLLLL | I.SZLLLL&#10;&#10;step=156, rand=1, actions=&lt;Down&gt;&#10;Want     | Got ✓   &#10;-------------------&#10;........ | ........&#10;........ | ........&#10;........ | ........&#10;.....JJJ | .....JJJ&#10;.......J | .......J&#10;........ | ........&#10;...LL... | ...LL...&#10;..OOL... | ..OOL...&#10;..OOL... | ..OOL...&#10;.TOOS.S. | .TOOS.S.&#10;I.SZLLLL | I.SZLLLL&#10;&#10;step=157, rand=1, actions=&lt;Down&gt;&#10;Want     | Got ✓   &#10;-------------------&#10;........ | ........&#10;........ | ........&#10;........ | ........&#10;........ | ........&#10;.....JJJ | .....JJJ&#10;.......J | .......J&#10;...LL... | ...LL...&#10;..OOL... | ..OOL...&#10;..OOL... | ..OOL...&#10;.TOOS.S. | .TOOS.S.&#10;I.SZLLLL | I.SZLLLL&#10;&#10;step=158, rand=1, actions=&lt;Down&gt;&#10;Want     | Got ✓   &#10;-------------------&#10;........ | ........&#10;........ | ........&#10;........ | ........&#10;........ | ........&#10;........ | ........&#10;.....JJJ | .....JJJ&#10;...LL..J | ...LL..J&#10;..OOL... | ..OOL...&#10;..OOL... | ..OOL...&#10;.TOOS.S. | .TOOS.S.&#10;I.SZLLLL | I.SZLLLL&#10;&#10;step=159, rand=1, actions=&lt;Down&gt;&#10;Want     | Got ✓   &#10;-------------------&#10;........ | ........&#10;........ | ........&#10;........ | ........&#10;........ | ........&#10;........ | ........&#10;........ | ........&#10;...LLJJJ | ...LLJJJ&#10;..OOL..J | ..OOL..J&#10;..OOL... | ..OOL...&#10;.TOOS.S. | .TOOS.S.&#10;I.SZLLLL | I.SZLLLL&#10;&#10;step=160, rand=1, actions=&lt;Down&gt;&#10;Want     | Got ✓   &#10;-------------------&#10;........ | ........&#10;........ | ........&#10;........ | ........&#10;........ | ........&#10;........ | ........&#10;........ | ........&#10;...LL... | ...LL...&#10;..OOLJJJ | ..OOLJJJ&#10;..OOL..J | ..OOL..J&#10;.TOOS.S. | .TOOS.S.&#10;I.SZLLLL | I.SZLLLL&#10;&#10;step=161, rand=1, actions=&lt;Down&gt;&#10;Want     | Got ✓   &#10;-------------------&#10;........ | ........&#10;........ | ........&#10;........ | ........&#10;........ | ........&#10;........ | ........&#10;........ | ........&#10;...LL... | ...LL...&#10;..OOL... | ..OOL...&#10;..OOLJJJ | ..OOLJJJ&#10;.TOOS.SJ | .TOOS.SJ&#10;I.SZLLLL | I.SZLLLL&#10;&#10;step=162, rand=5, actions=&lt;Down&gt;&#10;Want     | Got ✓   &#10;-------------------&#10;...T.... | ...T....&#10;..TTT... | ..TTT...&#10;........ | ........&#10;........ | ........&#10;........ | ........&#10;........ | ........&#10;...LL... | ...LL...&#10;..OOL... | ..OOL...&#10;..OOLJJJ | ..OOLJJJ&#10;.TOOS.SJ | .TOOS.SJ&#10;I.SZLLLL | I.SZLLLL&#10;&#10;step=163, rand=5, actions=&lt;Left&gt;&#10;Want     | Got ✓   &#10;-------------------&#10;..T..... | ..T.....&#10;.TTT.... | .TTT....&#10;........ | ........&#10;........ | ........&#10;........ | ........&#10;........ | ........&#10;...LL... | ...LL...&#10;..OOL... | ..OOL...&#10;..OOLJJJ | ..OOLJJJ&#10;.TOOS.SJ | .TOOS.SJ&#10;I.SZLLLL | I.SZLLLL&#10;&#10;step=164, rand=5, actions=&lt;RotateRight&gt;&#10;Want     | Got ✓   &#10;-------------------&#10;..T..... | ..T.....&#10;..TT.... | ..TT....&#10;..T..... | ..T.....&#10;........ | ........&#10;........ | ........&#10;........ | ........&#10;...LL... | ...LL...&#10;..OOL... | ..OOL...&#10;..OOLJJJ | ..OOLJJJ&#10;.TOOS.SJ | .TOOS.SJ&#10;I.SZLLLL | I.SZLLLL&#10;&#10;step=165, rand=5, actions=&lt;Left&gt;&#10;Want     | Got ✓   &#10;-------------------&#10;.T...... | .T......&#10;.TT..... | .TT.....&#10;.T...... | .T......&#10;........ | ........&#10;........ | ........&#10;........ | ........&#10;...LL... | ...LL...&#10;..OOL... | ..OOL...&#10;..OOLJJJ | ..OOLJJJ&#10;.TOOS.SJ | .TOOS.SJ&#10;I.SZLLLL | I.SZLLLL&#10;&#10;step=166, rand=5, actions=&lt;Left&gt;&#10;Want     | Got ✓   &#10;-------------------&#10;T....... | T.......&#10;TT...... | TT......&#10;T....... | T.......&#10;........ | ........&#10;........ | ........&#10;........ | ........&#10;...LL... | ...LL...&#10;..OOL... | ..OOL...&#10;..OOLJJJ | ..OOLJJJ&#10;.TOOS.SJ | .TOOS.SJ&#10;I.SZLLLL | I.SZLLLL&#10;&#10;step=167, rand=5, actions=&lt;Down&gt;&#10;Want     | Got ✓   &#10;-------------------&#10;........ | ........&#10;T....... | T.......&#10;TT...... | TT......&#10;T....... | T.......&#10;........ | ........&#10;........ | ........&#10;...LL... | ...LL...&#10;..OOL... | ..OOL...&#10;..OOLJJJ | ..OOLJJJ&#10;.TOOS.SJ | .TOOS.SJ&#10;I.SZLLLL | I.SZLLLL&#10;&#10;step=168, rand=5, actions=&lt;Down&gt;&#10;Want     | Got ✓   &#10;-------------------&#10;........ | ........&#10;........ | ........&#10;T....... | T.......&#10;TT...... | TT......&#10;T....... | T.......&#10;........ | ........&#10;...LL... | ...LL...&#10;..OOL... | ..OOL...&#10;..OOLJJJ | ..OOLJJJ&#10;.TOOS.SJ | .TOOS.SJ&#10;I.SZLLLL | I.SZLLLL&#10;&#10;step=169, rand=5, actions=&lt;Down&gt;&#10;Want     | Got ✓   &#10;-------------------&#10;........ | ........&#10;........ | ........&#10;........ | ........&#10;T....... | T.......&#10;TT...... | TT......&#10;T....... | T.......&#10;...LL... | ...LL...&#10;..OOL... | ..OOL...&#10;..OOLJJJ | ..OOLJJJ&#10;.TOOS.SJ | .TOOS.SJ&#10;I.SZLLLL | I.SZLLLL&#10;&#10;step=170, rand=5, actions=&lt;Down&gt;&#10;Want     | Got ✓   &#10;-------------------&#10;........ | ........&#10;........ | ........&#10;........ | ........&#10;........ | ........&#10;T....... | T.......&#10;TT...... | TT......&#10;T..LL... | T..LL...&#10;..OOL... | ..OOL...&#10;..OOLJJJ | ..OOLJJJ&#10;.TOOS.SJ | .TOOS.SJ&#10;I.SZLLLL | I.SZLLLL&#10;&#10;step=171, rand=5, actions=&lt;Down&gt;&#10;Want     | Got ✓   &#10;-------------------&#10;........ | ........&#10;........ | ........&#10;........ | ........&#10;........ | ........&#10;........ | ........&#10;T....... | T.......&#10;TT.LL... | TT.LL...&#10;T.OOL... | T.OOL...&#10;..OOLJJJ | ..OOLJJJ&#10;.TOOS.SJ | .TOOS.SJ&#10;I.SZLLLL | I.SZLLLL&#10;&#10;step=172, rand=5, actions=&lt;Down&gt;&#10;Want     | Got ✓   &#10;-------------------&#10;........ | ........&#10;........ | ........&#10;........ | ........&#10;........ | ........&#10;........ | ........&#10;........ | ........&#10;T..LL... | T..LL...&#10;TTOOL... | TTOOL...&#10;T.OOLJJJ | T.OOLJJJ&#10;.TOOS.SJ | .TOOS.SJ&#10;I.SZLLLL | I.SZLLLL&#10;&#10;step=173, rand=5, actions=&lt;Down&gt;&#10;Want     | Got ✓   &#10;-------------------&#10;........ | ........&#10;........ | ........&#10;........ | ........&#10;........ | ........&#10;........ | ........&#10;........ | ........&#10;...LL... | ...LL...&#10;T.OOL... | T.OOL...&#10;TTOOLJJJ | TTOOLJJJ&#10;TTOOS.SJ | TTOOS.SJ&#10;I.SZLLLL | I.SZLLLL&#10;&#10;step=174, rand=1, actions=&lt;Down&gt;&#10;Want     | Got ✓   &#10;-------------------&#10;..J..... | ..J.....&#10;..JJJ... | ..JJJ...&#10;........ | ........&#10;........ | ........&#10;........ | ........&#10;........ | ........&#10;........ | ........&#10;...LL... | ...LL...&#10;T.OOL... | T.OOL...&#10;TTOOS.SJ | TTOOS.SJ&#10;I.SZLLLL | I.SZLLLL&#10;&#10;step=175, rand=1, actions=&lt;RotateRight&gt;&#10;Want     | Got ✓   &#10;-------------------&#10;...JJ... | ...JJ...&#10;...J.... | ...J....&#10;...J.... | ...J....&#10;........ | ........&#10;........ | ........&#10;........ | ........&#10;........ | ........&#10;...LL... | ...LL...&#10;T.OOL... | T.OOL...&#10;TTOOS.SJ | TTOOS.SJ&#10;I.SZLLLL | I.SZLLLL&#10;&#10;step=176, rand=1, actions=&lt;RotateRight&gt;&#10;Want     | Got ✓   &#10;-------------------&#10;........ | ........&#10;..JJJ... | ..JJJ...&#10;....J... | ....J...&#10;........ | ........&#10;........ | ........&#10;........ | ........&#10;........ | ........&#10;...LL... | ...LL...&#10;T.OOL... | T.OOL...&#10;TTOOS.SJ | TTOOS.SJ&#10;I.SZLLLL | I.SZLLLL&#10;&#10;step=177, rand=1, actions=&lt;RotateRight&gt;&#10;Want     | Got ✓   &#10;-------------------&#10;...J.... | ...J....&#10;...J.... | ...J....&#10;..JJ.... | ..JJ....&#10;........ | ........&#10;........ | ........&#10;........ | ........&#10;........ | ........&#10;...LL... | ...LL...&#10;T.OOL... | T.OOL...&#10;TTOOS.SJ | TTOOS.SJ&#10;I.SZLLLL | I.SZLLLL&#10;&#10;step=178, rand=1, actions=&lt;Right&gt;&#10;Want     | Got ✓   &#10;-------------------&#10;....J... | ....J...&#10;....J... | ....J...&#10;...JJ... | ...JJ...&#10;........ | ........&#10;........ | ........&#10;........ | ........&#10;........ | ........&#10;...LL... | ...LL...&#10;T.OOL... | T.OOL...&#10;TTOOS.SJ | TTOOS.SJ&#10;I.SZLLLL | I.SZLLLL&#10;&#10;step=179, rand=1, actions=&lt;Right&gt;&#10;Want     | Got ✓   &#10;-------------------&#10;.....J.. | .....J..&#10;.....J.. | .....J..&#10;....JJ.. | ....JJ..&#10;........ | ........&#10;........ | ........&#10;........ | ........&#10;........ | ........&#10;...LL... | ...LL...&#10;T.OOL... | T.OOL...&#10;TTOOS.SJ | TTOOS.SJ&#10;I.SZLLLL | I.SZLLLL&#10;&#10;step=180, rand=1, actions=&lt;Right&gt;&#10;Want     | Got ✓   &#10;-------------------&#10;......J. | ......J.&#10;......J. | ......J.&#10;.....JJ. | .....JJ.&#10;........ | ........&#10;........ | ........&#10;........ | ........&#10;........ | ........&#10;...LL... | ...LL...&#10;T.OOL... | T.OOL...&#10;TTOOS.SJ | TTOOS.SJ&#10;I.SZLLLL | I.SZLLLL&#10;&#10;step=181, rand=1, actions=&lt;Right&gt;&#10;Want     | Got ✓   &#10;-------------------&#10;.......J | .......J&#10;.......J | .......J&#10;......JJ | ......JJ&#10;........ | ........&#10;........ | ........&#10;........ | ........&#10;........ | ........&#10;...LL... | ...LL...&#10;T.OOL... | T.OOL...&#10;TTOOS.SJ | TTOOS.SJ&#10;I.SZLLLL | I.SZLLLL&#10;&#10;step=182, rand=1, actions=&lt;Down&gt;&#10;Want     | Got ✓   &#10;-------------------&#10;........ | ........&#10;.......J | .......J&#10;.......J | .......J&#10;......JJ | ......JJ&#10;........ | ........&#10;........ | ........&#10;........ | ........&#10;...LL... | ...LL...&#10;T.OOL... | T.OOL...&#10;TTOOS.SJ | TTOOS.SJ&#10;I.SZLLLL | I.SZLLLL&#10;&#10;step=183, rand=1, actions=&lt;Down&gt;&#10;Want     | Got ✓   &#10;-------------------&#10;........ | ........&#10;........ | ........&#10;.......J | .......J&#10;.......J | .......J&#10;......JJ | ......JJ&#10;........ | ........&#10;........ | ........&#10;...LL... | ...LL...&#10;T.OOL... | T.OOL...&#10;TTOOS.SJ | TTOOS.SJ&#10;I.SZLLLL | I.SZLLLL&#10;&#10;step=184, rand=1, actions=&lt;Down&gt;&#10;Want     | Got ✓   &#10;-------------------&#10;........ | ........&#10;........ | ........&#10;........ | ........&#10;.......J | .......J&#10;.......J | .......J&#10;......JJ | ......JJ&#10;........ | ........&#10;...LL... | ...LL...&#10;T.OOL... | T.OOL...&#10;TTOOS.SJ | TTOOS.SJ&#10;I.SZLLLL | I.SZLLLL&#10;&#10;step=185, rand=1, actions=&lt;Down&gt;&#10;Want     | Got ✓   &#10;-------------------&#10;........ | ........&#10;........ | ........&#10;........ | ........&#10;........ | ........&#10;.......J | .......J&#10;.......J | .......J&#10;......JJ | ......JJ&#10;...LL... | ...LL...&#10;T.OOL... | T.OOL...&#10;TTOOS.SJ | TTOOS.SJ&#10;I.SZLLLL | I.SZLLLL&#10;&#10;step=186, rand=1, actions=&lt;Down&gt;&#10;Want     | Got ✓   &#10;-------------------&#10;........ | ........&#10;........ | ........&#10;........ | ........&#10;........ | ........&#10;........ | ........&#10;.......J | .......J&#10;.......J | .......J&#10;...LL.JJ | ...LL.JJ&#10;T.OOL... | T.OOL...&#10;TTOOS.SJ | TTOOS.SJ&#10;I.SZLLLL | I.SZLLLL&#10;&#10;step=187, rand=1, actions=&lt;Down&gt;&#10;Want     | Got ✓   &#10;-------------------&#10;........ | ........&#10;........ | ........&#10;........ | ........&#10;........ | ........&#10;........ | ........&#10;........ | ........&#10;.......J | .......J&#10;...LL..J | ...LL..J&#10;T.OOL.JJ | T.OOL.JJ&#10;TTOOS.SJ | TTOOS.SJ&#10;I.SZLLLL | I.SZLLLL&#10;&#10;step=188, rand=4, actions=&lt;Down&gt;&#10;Want     | Got ✓   &#10;-------------------&#10;...SS... | ...SS...&#10;..SS.... | ..SS....&#10;........ | ........&#10;........ | ........&#10;........ | ........&#10;........ | ........&#10;.......J | .......J&#10;...LL..J | ...LL..J&#10;T.OOL.JJ | T.OOL.JJ&#10;TTOOS.SJ | TTOOS.SJ&#10;I.SZLLLL | I.SZLLLL&#10;&#10;step=189, rand=4, actions=&lt;RotateRight&gt;&#10;Want     | Got ✓   &#10;-------------------&#10;...S.... | ...S....&#10;...SS... | ...SS...&#10;....S... | ....S...&#10;........ | ........&#10;........ | ........&#10;........ | ........&#10;.......J | .......J&#10;...LL..J | ...LL..J&#10;T.OOL.JJ | T.OOL.JJ&#10;TTOOS.SJ | TTOOS.SJ&#10;I.SZLLLL | I.SZLLLL&#10;&#10;step=190, rand=4, actions=&lt;Left&gt;&#10;Want     | Got ✓   &#10;-------------------&#10;..S..... | ..S.....&#10;..SS.... | ..SS....&#10;...S.... | ...S....&#10;........ | ........&#10;........ | ........&#10;........ | ........&#10;.......J | .......J&#10;...LL..J | ...LL..J&#10;T.OOL.JJ | T.OOL.JJ&#10;TTOOS.SJ | TTOOS.SJ&#10;I.SZLLLL | I.SZLLLL&#10;&#10;step=191, rand=4, actions=&lt;Left&gt;&#10;Want     | Got ✓   &#10;-------------------&#10;.S...... | .S......&#10;.SS..... | .SS.....&#10;..S..... | ..S.....&#10;........ | ........&#10;........ | ........&#10;........ | ........&#10;.......J | .......J&#10;...LL..J | ...LL..J&#10;T.OOL.JJ | T.OOL.JJ&#10;TTOOS.SJ | TTOOS.SJ&#10;I.SZLLLL | I.SZLLLL&#10;&#10;step=192, rand=4, actions=&lt;Left&gt;&#10;Want     | Got ✓   &#10;-------------------&#10;S....... | S.......&#10;SS...... | SS......&#10;.S...... | .S......&#10;........ | ........&#10;........ | ........&#10;........ | ........&#10;.......J | .......J&#10;...LL..J | ...LL..J&#10;T.OOL.JJ | T.OOL.JJ&#10;TTOOS.SJ | TTOOS.SJ&#10;I.SZLLLL | I.SZLLLL&#10;&#10;step=193, rand=4, actions=&lt;Down&gt;&#10;Want     | Got ✓   &#10;-------------------&#10;........ | ........&#10;S....... | S.......&#10;SS...... | SS......&#10;.S...... | .S......&#10;........ | ........&#10;........ | ........&#10;.......J | .......J&#10;...LL..J | ...LL..J&#10;T.OOL.JJ | T.OOL.JJ&#10;TTOOS.SJ | TTOOS.SJ&#10;I.SZLLLL | I.SZLLLL&#10;&#10;step=194, rand=4, actions=&lt;Down&gt;&#10;Want     | Got ✓   &#10;-------------------&#10;........ | ........&#10;........ | ........&#10;S....... | S.......&#10;SS...... | SS......&#10;.S...... | .S......&#10;........ | ........&#10;.......J | .......J&#10;...LL..J | ...LL..J&#10;T.OOL.JJ | T.OOL.JJ&#10;TTOOS.SJ | TTOOS.SJ&#10;I.SZLLLL | I.SZLLLL&#10;&#10;step=195, rand=4, actions=&lt;Down&gt;&#10;Want     | Got ✓   &#10;-------------------&#10;........ | ........&#10;........ | ........&#10;........ | ........&#10;S....... | S.......&#10;SS...... | SS......&#10;.S...... | .S......&#10;.......J | .......J&#10;...LL..J | ...LL..J&#10;T.OOL.JJ | T.OOL.JJ&#10;TTOOS.SJ | TTOOS.SJ&#10;I.SZLLLL | I.SZLLLL&#10;&#10;step=196, rand=4, actions=&lt;Down&gt;&#10;Want     | Got ✓   &#10;-------------------&#10;........ | ........&#10;........ | ........&#10;........ | ........&#10;........ | ........&#10;S....... | S.......&#10;SS...... | SS......&#10;.S.....J | .S.....J&#10;...LL..J | ...LL..J&#10;T.OOL.JJ | T.OOL.JJ&#10;TTOOS.SJ | TTOOS.SJ&#10;I.SZLLLL | I.SZLLLL&#10;&#10;step=197, rand=4, actions=&lt;Down&gt;&#10;Want     | Got ✓   &#10;-------------------&#10;........ | ........&#10;........ | ........&#10;........ | ........&#10;........ | ........&#10;........ | ........&#10;S....... | S.......&#10;SS.....J | SS.....J&#10;.S.LL..J | .S.LL..J&#10;T.OOL.JJ | T.OOL.JJ&#10;TTOOS.SJ | TTOOS.SJ&#10;I.SZLLLL | I.SZLLLL&#10;&#10;step=198, rand=4, actions=&lt;Down&gt;&#10;Want     | Got ✓   &#10;-------------------&#10;........ | ........&#10;........ | ........&#10;........ | ........&#10;........ | ........&#10;........ | ........&#10;........ | ........&#10;S......J | S......J&#10;SS.LL..J | SS.LL..J&#10;TSOOL.JJ | TSOOL.JJ&#10;TTOOS.SJ | TTOOS.SJ&#10;I.SZLLLL | I.SZLLLL&#10;&#10;step=199, rand=6, actions=&lt;Down&gt;&#10;Want     | Got ✓   &#10;-------------------&#10;..ZZ.... | ..ZZ....&#10;...ZZ... | ...ZZ...&#10;........ | ........&#10;........ | ........&#10;........ | ........&#10;........ | ........&#10;S......J | S......J&#10;SS.LL..J | SS.LL..J&#10;TSOOL.JJ | TSOOL.JJ&#10;TTOOS.SJ | TTOOS.SJ&#10;I.SZLLLL | I.SZLLLL&#10;&#10;step=200, rand=6, actions=&lt;RotateRight&gt;&#10;Want     | Got ✓   &#10;-------------------&#10;....Z... | ....Z...&#10;...ZZ... | ...ZZ...&#10;...Z.... | ...Z....&#10;........ | ........&#10;........ | ........&#10;........ | ........&#10;S......J | S......J&#10;SS.LL..J | SS.LL..J&#10;TSOOL.JJ | TSOOL.JJ&#10;TTOOS.SJ | TTOOS.SJ&#10;I.SZLLLL | I.SZLLLL&#10;&#10;step=201, rand=6, actions=&lt;Left&gt;&#10;Want     | Got ✓   &#10;-------------------&#10;...Z.... | ...Z....&#10;..ZZ.... | ..ZZ....&#10;..Z..... | ..Z.....&#10;........ | ........&#10;........ | ........&#10;........ | ........&#10;S......J | S......J&#10;SS.LL..J | SS.LL..J&#10;TSOOL.JJ | TSOOL.JJ&#10;TTOOS.SJ | TTOOS.SJ&#10;I.SZLLLL | I.SZLLLL&#10;&#10;step=202, rand=6, actions=&lt;Down&gt;&#10;Want     | Got ✓   &#10;-------------------&#10;........ | ........&#10;...Z.... | ...Z....&#10;..ZZ.... | ..ZZ....&#10;..Z..... | ..Z.....&#10;........ | ........&#10;........ | ........&#10;S......J | S......J&#10;SS.LL..J | SS.LL..J&#10;TSOOL.JJ | TSOOL.JJ&#10;TTOOS.SJ | TTOOS.SJ&#10;I.SZLLLL | I.SZLLLL&#10;&#10;step=203, rand=6, actions=&lt;Down&gt;&#10;Want     | Got ✓   &#10;-------------------&#10;........ | ........&#10;........ | ........&#10;...Z.... | ...Z....&#10;..ZZ.... | ..ZZ....&#10;..Z..... | ..Z.....&#10;........ | ........&#10;S......J | S......J&#10;SS.LL..J | SS.LL..J&#10;TSOOL.JJ | TSOOL.JJ&#10;TTOOS.SJ | TTOOS.SJ&#10;I.SZLLLL | I.SZLLLL&#10;&#10;step=204, rand=6, actions=&lt;Down&gt;&#10;Want     | Got ✓   &#10;-------------------&#10;........ | ........&#10;........ | ........&#10;........ | ........&#10;...Z.... | ...Z....&#10;..ZZ.... | ..ZZ....&#10;..Z..... | ..Z.....&#10;S......J | S......J&#10;SS.LL..J | SS.LL..J&#10;TSOOL.JJ | TSOOL.JJ&#10;TTOOS.SJ | TTOOS.SJ&#10;I.SZLLLL | I.SZLLLL&#10;&#10;step=205, rand=6, actions=&lt;Down&gt;&#10;Want     | Got ✓   &#10;-------------------&#10;........ | ........&#10;........ | ........&#10;........ | ........&#10;........ | ........&#10;...Z.... | ...Z....&#10;..ZZ.... | ..ZZ....&#10;S.Z....J | S.Z....J&#10;SS.LL..J | SS.LL..J&#10;TSOOL.JJ | TSOOL.JJ&#10;TTOOS.SJ | TTOOS.SJ&#10;I.SZLLLL | I.SZLLLL&#10;&#10;step=206, rand=6, actions=&lt;Down&gt;&#10;Want     | Got ✓   &#10;-------------------&#10;........ | ........&#10;........ | ........&#10;........ | ........&#10;........ | ........&#10;........ | ........&#10;...Z.... | ...Z....&#10;S.ZZ...J | S.ZZ...J&#10;SSZLL..J | SSZLL..J&#10;TSOOL.JJ | TSOOL.JJ&#10;TTOOS.SJ | TTOOS.SJ&#10;I.SZLLLL | I.SZLLLL&#10;&#10;step=207, rand=6, actions=&lt;Down&gt;&#10;Want     | Got ✓   &#10;-------------------&#10;..ZZ.... | ..ZZ....&#10;...ZZ... | ...ZZ...&#10;........ | ........&#10;........ | ........&#10;........ | ........&#10;...Z.... | ...Z....&#10;S.ZZ...J | S.ZZ...J&#10;SSZLL..J | SSZLL..J&#10;TSOOL.JJ | TSOOL.JJ&#10;TTOOS.SJ | TTOOS.SJ&#10;I.SZLLLL | I.SZLLLL&#10;&#10;step=208, rand=6, actions=&lt;RotateRight&gt;&#10;Want     | Got ✓   &#10;-------------------&#10;....Z... | ....Z...&#10;...ZZ... | ...ZZ...&#10;...Z.... | ...Z....&#10;........ | ........&#10;........ | ........&#10;...Z.... | ...Z....&#10;S.ZZ...J | S.ZZ...J&#10;SSZLL..J | SSZLL..J&#10;TSOOL.JJ | TSOOL.JJ&#10;TTOOS.SJ | TTOOS.SJ&#10;I.SZLLLL | I.SZLLLL&#10;&#10;step=209, rand=6, actions=&lt;Left&gt;&#10;Want     | Got ✓   &#10;-------------------&#10;...Z.... | ...Z....&#10;..ZZ.... | ..ZZ....&#10;..Z..... | ..Z.....&#10;........ | ........&#10;........ | ........&#10;...Z.... | ...Z....&#10;S.ZZ...J | S.ZZ...J&#10;SSZLL..J | SSZLL..J&#10;TSOOL.JJ | TSOOL.JJ&#10;TTOOS.SJ | TTOOS.SJ&#10;I.SZLLLL | I.SZLLLL&#10;&#10;step=210, rand=6, actions=&lt;Left&gt;&#10;Want     | Got ✓   &#10;-------------------&#10;..Z..... | ..Z.....&#10;.ZZ..... | .ZZ.....&#10;.Z...... | .Z......&#10;........ | ........&#10;........ | ........&#10;...Z.... | ...Z....&#10;S.ZZ...J | S.ZZ...J&#10;SSZLL..J | SSZLL..J&#10;TSOOL.JJ | TSOOL.JJ&#10;TTOOS.SJ | TTOOS.SJ&#10;I.SZLLLL | I.SZLLLL&#10;&#10;step=211, rand=6, actions=&lt;Down&gt;&#10;Want     | Got ✓   &#10;-------------------&#10;........ | ........&#10;..Z..... | ..Z.....&#10;.ZZ..... | .ZZ.....&#10;.Z...... | .Z......&#10;........ | ........&#10;...Z.... | ...Z....&#10;S.ZZ...J | S.ZZ...J&#10;SSZLL..J | SSZLL..J&#10;TSOOL.JJ | TSOOL.JJ&#10;TTOOS.SJ | TTOOS.SJ&#10;I.SZLLLL | I.SZLLLL&#10;&#10;step=212, rand=6, actions=&lt;Down&gt;&#10;Want     | Got ✓   &#10;-------------------&#10;........ | ........&#10;........ | ........&#10;..Z..... | ..Z.....&#10;.ZZ..... | .ZZ.....&#10;.Z...... | .Z......&#10;...Z.... | ...Z....&#10;S.ZZ...J | S.ZZ...J&#10;SSZLL..J | SSZLL..J&#10;TSOOL.JJ | TSOOL.JJ&#10;TTOOS.SJ | TTOOS.SJ&#10;I.SZLLLL | I.SZLLLL&#10;&#10;step=213, rand=6, actions=&lt;Down&gt;&#10;Want     | Got ✓   &#10;-------------------&#10;........ | ........&#10;........ | ........&#10;........ | ........&#10;..Z..... | ..Z.....&#10;.ZZ..... | .ZZ.....&#10;.Z.Z.... | .Z.Z....&#10;S.ZZ...J | S.ZZ...J&#10;SSZLL..J | SSZLL..J&#10;TSOOL.JJ | TSOOL.JJ&#10;TTOOS.SJ | TTOOS.SJ&#10;I.SZLLLL | I.SZLLLL&#10;&#10;step=214, rand=6, actions=&lt;Down&gt;&#10;Want     | Got ✓   &#10;-------------------&#10;........ | ........&#10;........ | ........&#10;........ | ........&#10;........ | ........&#10;..Z..... | ..Z.....&#10;.ZZZ.... | .ZZZ....&#10;SZZZ...J | SZZZ...J&#10;SSZLL..J | SSZLL..J&#10;TSOOL.JJ | TSOOL.JJ&#10;TTOOS.SJ | TTOOS.SJ&#10;I.SZLLLL | I.SZLLLL&#10;&#10;step=215, rand=5, actions=&lt;Down&gt;&#10;Want     | Got ✓   &#10;-------------------&#10;...T.... | ...T....&#10;..TTT... | ..TTT...&#10;........ | ........&#10;........ | ........&#10;..Z..... | ..Z.....&#10;.ZZZ.... | .ZZZ....&#10;SZZZ...J | SZZZ...J&#10;SSZLL..J | SSZLL..J&#10;TSOOL.JJ | TSOOL.JJ&#10;TTOOS.SJ | TTOOS.SJ&#10;I.SZLLLL | I.SZLLLL&#10;&#10;step=216, rand=5, actions=&lt;Right&gt;&#10;Want     | Got ✓   &#10;-------------------&#10;....T... | ....T...&#10;...TTT.. | ...TTT..&#10;........ | ........&#10;........ | ........&#10;..Z..... | ..Z.....&#10;.ZZZ.... | .ZZZ....&#10;SZZZ...J | SZZZ...J&#10;SSZLL..J | SSZLL..J&#10;TSOOL.JJ | TSOOL.JJ&#10;TTOOS.SJ | TTOOS.SJ&#10;I.SZLLLL | I.SZLLLL&#10;&#10;step=217, rand=5, actions=&lt;Left&gt;&#10;Want     | Got ✓   &#10;-------------------&#10;...T.... | ...T....&#10;..TTT... | ..TTT...&#10;........ | ........&#10;........ | ........&#10;..Z..... | ..Z.....&#10;.ZZZ.... | .ZZZ....&#10;SZZZ...J | SZZZ...J&#10;SSZLL..J | SSZLL..J&#10;TSOOL.JJ | TSOOL.JJ&#10;TTOOS.SJ | TTOOS.SJ&#10;I.SZLLLL | I.SZLLLL&#10;&#10;step=218, rand=5, actions=&lt;RotateRight&gt;&#10;Want     | Got ✓   &#10;-------------------&#10;...T.... | ...T....&#10;...TT... | ...TT...&#10;...T.... | ...T....&#10;........ | ........&#10;..Z..... | ..Z.....&#10;.ZZZ.... | .ZZZ....&#10;SZZZ...J | SZZZ...J&#10;SSZLL..J | SSZLL..J&#10;TSOOL.JJ | TSOOL.JJ&#10;TTOOS.SJ | TTOOS.SJ&#10;I.SZLLLL | I.SZLLLL&#10;&#10;step=219, rand=5, actions=&lt;Left&gt;&#10;Want     | Got ✓   &#10;-------------------&#10;..T..... | ..T.....&#10;..TT.... | ..TT....&#10;..T..... | ..T.....&#10;........ | ........&#10;..Z..... | ..Z.....&#10;.ZZZ.... | .ZZZ....&#10;SZZZ...J | SZZZ...J&#10;SSZLL..J | SSZLL..J&#10;TSOOL.JJ | TSOOL.JJ&#10;TTOOS.SJ | TTOOS.SJ&#10;I.SZLLLL | I.SZLLLL&#10;&#10;step=220, rand=5, actions=&lt;Left&gt;&#10;Want     | Got ✓   &#10;-------------------&#10;.T...... | .T......&#10;.TT..... | .T
[...]
TTZTTZ.. |                  
TZZZZZ.. |                  
TSOOL.JJ |                  
TTOOS.SJ |                  
I.SZLLLL |                  

step=281, rand=0, actions=&lt;Down&gt;
Want     | Got ✗            
----------------------------
........ | GameOverDisplay()
........ |                  
........ |                  
..Z...I. |                  
.ZZTT.I. |                  
TZTTTTI. |                  
TTZTTZI. |                  
TZZZZZ.. |                  
TSOOL.JJ |                  
TTOOS.SJ |                  
I.SZLLLL |                  

step=282, rand=0, actions=&lt;Down&gt;
Want     | Got ✗            
----------------------------
........ | GameOverDisplay()
........ |                  
........ |                  
..Z..... |                  
.ZZTT.I. |                  
TZTTTTI. |                  
TTZTTZI. |                  
TZZZZZI. |                  
TSOOL.JJ |                  
TTOOS.SJ |                  
I.SZLLLL |                  

step=283, rand=6, actions=&lt;Down&gt;
Want     | Got ✗            
----------------------------
..ZZ.... | GameOverDisplay()
...ZZ... |                  
........ |                  
..Z..... |                  
.ZZTT.I. |                  
TZTTTTI. |                  
TTZTTZI. |                  
TZZZZZI. |                  
TSOOL.JJ |                  
TTOOS.SJ |                  
I.SZLLLL |                  

step=284, rand=6, actions=&lt;Right&gt;
Want     | Got ✗            
----------------------------
...ZZ... | GameOverDisplay()
....ZZ.. |                  
........ |                  
..Z..... |                  
.ZZTT.I. |                  
TZTTTTI. |                  
TTZTTZI. |                  
TZZZZZI. |                  
TSOOL.JJ |                  
TTOOS.SJ |                  
I.SZLLLL |                  

step=285, rand=6, actions=&lt;Right&gt;
Want     | Got ✗            
----------------------------
....ZZ.. | GameOverDisplay()
.....ZZ. |                  
........ |                  
..Z..... |                  
.ZZTT.I. |                  
TZTTTTI. |                  
TTZTTZI. |                  
TZZZZZI. |                  
TSOOL.JJ |                  
TTOOS.SJ |                  
I.SZLLLL |                  

step=286, rand=6, actions=&lt;Left&gt;
Want     | Got ✗            
----------------------------
...ZZ... | GameOverDisplay()
....ZZ.. |                  
........ |                  
..Z..... |                  
.ZZTT.I. |                  
TZTTTTI. |                  
TTZTTZI. |                  
TZZZZZI. |                  
TSOOL.JJ |                  
TTOOS.SJ |                  
I.SZLLLL |                  

step=287, rand=6, actions=&lt;Left&gt;
Want     | Got ✗            
----------------------------
..ZZ.... | GameOverDisplay()
...ZZ... |                  
........ |                  
..Z..... |                  
.ZZTT.I. |                  
TZTTTTI. |                  
TTZTTZI. |                  
TZZZZZI. |                  
TSOOL.JJ |                  
TTOOS.SJ |                  
I.SZLLLL |                  

step=288, rand=6, actions=&lt;Left&gt;
Want     | Got ✗            
----------------------------
.ZZ..... | GameOverDisplay()
..ZZ.... |                  
........ |                  
..Z..... |                  
.ZZTT.I. |                  
TZTTTTI. |                  
TTZTTZI. |                  
TZZZZZI. |                  
TSOOL.JJ |                  
TTOOS.SJ |                  
I.SZLLLL |                  

step=289, rand=6, actions=&lt;Left&gt;
Want     | Got ✗            
----------------------------
ZZ...... | GameOverDisplay()
.ZZ..... |                  
........ |                  
..Z..... |                  
.ZZTT.I. |                  
TZTTTTI. |                  
TTZTTZI. |                  
TZZZZZI. |                  
TSOOL.JJ |                  
TTOOS.SJ |                  
I.SZLLLL |                  

step=290, rand=6, actions=&lt;RotateRight&gt;
Want     | Got ✗            
----------------------------
..Z..... | GameOverDisplay()
.ZZ..... |                  
.Z...... |                  
..Z..... |                  
.ZZTT.I. |                  
TZTTTTI. |                  
TTZTTZI. |                  
TZZZZZI. |                  
TSOOL.JJ |                  
TTOOS.SJ |                  
I.SZLLLL |                  

step=291, rand=6, actions=&lt;Left&gt;
Want     | Got ✗            
----------------------------
.Z...... | GameOverDisplay()
ZZ...... |                  
Z....... |                  
..Z..... |                  
.ZZTT.I. |                  
TZTTTTI. |                  
TTZTTZI. |                  
TZZZZZI. |                  
TSOOL.JJ |                  
TTOOS.SJ |                  
I.SZLLLL |                  

step=292, rand=6, actions=&lt;Left&gt;
Want     | Got ✗            
----------------------------
.Z...... | GameOverDisplay()
ZZ...... |                  
Z....... |                  
..Z..... |                  
.ZZTT.I. |                  
TZTTTTI. |                  
TTZTTZI. |                  
TZZZZZI. |                  
TSOOL.JJ |                  
TTOOS.SJ |                  
I.SZLLLL |                  

step=293, rand=6, actions=&lt;Down&gt;
Want     | Got ✗            
----------------------------
........ | GameOverDisplay()
.Z...... |                  
ZZ...... |                  
Z.Z..... |                  
.ZZTT.I. |                  
TZTTTTI. |                  
TTZTTZI. |                  
TZZZZZI. |                  
TSOOL.JJ |                  
TTOOS.SJ |                  
I.SZLLLL |                  

step=294, rand=6, actions=&lt;Down&gt;
Want     | Got ✗            
----------------------------
........ | GameOverDisplay()
........ |                  
.Z...... |                  
ZZZ..... |                  
ZZZTT.I. |                  
TZTTTTI. |                  
TTZTTZI. |                  
TZZZZZI. |                  
TSOOL.JJ |                  
TTOOS.SJ |                  
I.SZLLLL |                  

step=295, rand=4, actions=&lt;Down&gt;
Want     | Got ✗            
----------------------------
...SS... | GameOverDisplay()
..SS.... |                  
.Z...... |                  
ZZZ..... |                  
ZZZTT.I. |                  
TZTTTTI. |                  
TTZTTZI. |                  
TZZZZZI. |                  
TSOOL.JJ |                  
TTOOS.SJ |                  
I.SZLLLL |                  

step=296, rand=4, actions=&lt;RotateRight&gt;
Want     | Got ✗            
----------------------------
...S.... | GameOverDisplay()
...SS... |                  
.Z..S... |                  
ZZZ..... |                  
ZZZTT.I. |                  
TZTTTTI. |                  
TTZTTZI. |                  
TZZZZZI. |                  
TSOOL.JJ |                  
TTOOS.SJ |                  
I.SZLLLL |                  

step=297, rand=4, actions=&lt;Right&gt;
Want     | Got ✗            
----------------------------
....S... | GameOverDisplay()
....SS.. |                  
.Z...S.. |                  
ZZZ..... |                  
ZZZTT.I. |                  
TZTTTTI. |                  
TTZTTZI. |                  
TZZZZZI. |                  
TSOOL.JJ |                  
TTOOS.SJ |                  
I.SZLLLL |                  

step=298, rand=4, actions=&lt;Down&gt;
Want     | Got ✗            
----------------------------
........ | GameOverDisplay()
....S... |                  
.Z..SS.. |                  
ZZZ..S.. |                  
ZZZTT.I. |                  
TZTTTTI. |                  
TTZTTZI. |                  
TZZZZZI. |                  
TSOOL.JJ |                  
TTOOS.SJ |                  
I.SZLLLL |                  

step=299, rand=4, actions=&lt;Down&gt;
Want     | Got ✗            
----------------------------
........ | GameOverDisplay()
........ |                  
.Z..S... |                  
ZZZ.SS.. |                  
ZZZTTSI. |                  
TZTTTTI. |                  
TTZTTZI. |                  
TZZZZZI. |                  
TSOOL.JJ |                  
TTOOS.SJ |                  
I.SZLLLL |                  

step=300, rand=3, actions=&lt;Down&gt;
Want     | Got ✗            
----------------------------
...OO... | GameOverDisplay()
...OO... |                  
.Z..S... |                  
ZZZ.SS.. |                  
ZZZTTSI. |                  
TZTTTTI. |                  
TTZTTZI. |                  
TZZZZZI. |                  
TSOOL.JJ |                  
TTOOS.SJ |                  
I.SZLLLL |                  

step=301, rand=3, actions=&lt;Right&gt;
Want     | Got ✗            
----------------------------
....OO.. | GameOverDisplay()
....OO.. |                  
.Z..S... |                  
ZZZ.SS.. |                  
ZZZTTSI. |                  
TZTTTTI. |                  
TTZTTZI. |                  
TZZZZZI. |                  
TSOOL.JJ |                  
TTOOS.SJ |                  
I.SZLLLL |                  

step=302, rand=3, actions=&lt;Right&gt;
Want     | Got ✗            
----------------------------
.....OO. | GameOverDisplay()
.....OO. |                  
.Z..S... |                  
ZZZ.SS.. |                  
ZZZTTSI. |                  
TZTTTTI. |                  
TTZTTZI. |                  
TZZZZZI. |                  
TSOOL.JJ |                  
TTOOS.SJ |                  
I.SZLLLL |                  

step=303, rand=3, actions=&lt;Right&gt;
Want     | Got ✗            
----------------------------
......OO | GameOverDisplay()
......OO |                  
.Z..S... |                  
ZZZ.SS.. |                  
ZZZTTSI. |                  
TZTTTTI. |                  
TTZTTZI. |                  
TZZZZZI. |                  
TSOOL.JJ |                  
TTOOS.SJ |                  
I.SZLLLL |                  

step=304, rand=3, actions=&lt;Down&gt;
Want     | Got ✗            
----------------------------
........ | GameOverDisplay()
......OO |                  
.Z..S.OO |                  
ZZZ.SS.. |                  
ZZZTTSI. |                  
TZTTTTI. |                  
TTZTTZI. |                  
TZZZZZI. |                  
TSOOL.JJ |                  
TTOOS.SJ |                  
I.SZLLLL |                  

step=305, rand=3, actions=&lt;Down&gt;
Want     | Got ✗            
----------------------------
........ | GameOverDisplay()
........ |                  
.Z..S.OO |                  
ZZZ.SSOO |                  
ZZZTTSI. |                  
TZTTTTI. |                  
TTZTTZI. |                  
TZZZZZI. |                  
TSOOL.JJ |                  
TTOOS.SJ |                  
I.SZLLLL |                  

step=306, rand=3, actions=&lt;Down&gt;
Want     | Got ✗            
----------------------------
...OO... | GameOverDisplay()
...OO... |                  
.Z..S.OO |                  
ZZZ.SSOO |                  
ZZZTTSI. |                  
TZTTTTI. |                  
TTZTTZI. |                  
TZZZZZI. |                  
TSOOL.JJ |                  
TTOOS.SJ |                  
I.SZLLLL |                  

step=307, rand=3, actions=&lt;Left&gt;
Want     | Got ✗            
----------------------------
..OO.... | GameOverDisplay()
..OO.... |                  
.Z..S.OO |                  
ZZZ.SSOO |                  
ZZZTTSI. |                  
TZTTTTI. |                  
TTZTTZI. |                  
TZZZZZI. |                  
TSOOL.JJ |                  
TTOOS.SJ |                  
I.SZLLLL |                  

step=308, rand=3, actions=&lt;Left&gt;
Want     | Got ✗            
----------------------------
.OO..... | GameOverDisplay()
.OO..... |                  
.Z..S.OO |                  
ZZZ.SSOO |                  
ZZZTTSI. |                  
TZTTTTI. |                  
TTZTTZI. |                  
TZZZZZI. |                  
TSOOL.JJ |                  
TTOOS.SJ |                  
I.SZLLLL |                  

step=309, rand=3, actions=&lt;Right&gt;
Want     | Got ✗            
----------------------------
..OO.... | GameOverDisplay()
..OO.... |                  
.Z..S.OO |                  
ZZZ.SSOO |                  
ZZZTTSI. |                  
TZTTTTI. |                  
TTZTTZI. |                  
TZZZZZI. |                  
TSOOL.JJ |                  
TTOOS.SJ |                  
I.SZLLLL |                  

step=310, rand=3, actions=&lt;Down&gt;
Want     | Got ✗            
----------------------------
........ | GameOverDisplay()
..OO.... |                  
.ZOOS.OO |                  
ZZZ.SSOO |                  
ZZZTTSI. |                  
TZTTTTI. |                  
TTZTTZI. |                  
TZZZZZI. |                  
TSOOL.JJ |                  
TTOOS.SJ |                  
I.SZLLLL |                  

step=311, rand=1, actions=&lt;Down&gt;
Want              | Got ✓            
-------------------------------------
GameOverDisplay() | GameOverDisplay()


	at app//org.scalatest.Assertions.newAssertionFailedException(Assertions.scala:530)
	at app//org.scalatest.Assertions.newAssertionFailedException$(Assertions.scala:529)
	at app//org.scalatest.FunSuite.newAssertionFailedException(FunSuite.scala:1560)
	at app//org.scalatest.Assertions$AssertionsHelper.macroAssert(Assertions.scala:503)
	at app//generic.GameTestSuite.checkGame(GameTestSuite.scala:298)
	at app//tetris.TetrisTestSuiteBase.checkGame(TetrisTestSuiteBase.scala:103)
	at app//tetris.FullGameTests.$anonfun$new$2(FullGameTests.scala:5744)
	at app//scala.runtime.java8.JFunction0$mcV$sp.apply(JFunction0$mcV$sp.scala:18)
	at app//infrastructure.TestBase.$anonfun$test$1(TestBase.scala:36)
	at app//org.scalatest.OutcomeOf.outcomeOf(OutcomeOf.scala:85)
	at app//org.scalatest.OutcomeOf.outcomeOf$(OutcomeOf.scala:83)
	at app//org.scalatest.OutcomeOf$.outcomeOf(OutcomeOf.scala:104)
	at app//org.scalatest.Transformer.apply(Transformer.scala:22)
	at app//org.scalatest.Transformer.apply(Transformer.scala:20)
	at app//org.scalatest.FunSuiteLike$$anon$1.apply(FunSuiteLike.scala:186)
	at app//org.scalatest.TestSuite.withFixture(TestSuite.scala:196)
	at app//org.scalatest.TestSuite.withFixture$(TestSuite.scala:195)
	at app//infrastructure.TestBase.org$scalatest$concurrent$TimeLimitedTests$$super$withFixture(TestBase.scala:9)
	at app//org.scalatest.concurrent.TimeLimitedTests.$anonfun$withFixture$3(TimeLimitedTests.scala:154)
	at app//org.scalatest.enablers.Timed$$anon$1.timeoutAfter(Timed.scala:127)
	at app//org.scalatest.concurrent.TimeLimits.failAfterImpl(TimeLimits.scala:239)
	at app//org.scalatest.concurrent.TimeLimits.failAfterImpl$(TimeLimits.scala:233)
	at app//org.scalatest.concurrent.TimeLimits$.failAfterImpl(TimeLimits.scala:305)
	at app//org.scalatest.concurrent.TimeLimitedTests.withFixture(TimeLimitedTests.scala:153)
	at app//org.scalatest.concurrent.TimeLimitedTests.withFixture$(TimeLimitedTests.scala:150)
	at app//infrastructure.TestBase.withFixture(TestBase.scala:9)
	at app//org.scalatest.FunSuiteLike.invokeWithFixture$1(FunSuiteLike.scala:184)
	at app//org.scalatest.FunSuiteLike.$anonfun$runTest$1(FunSuiteLike.scala:196)
	at app//org.scalatest.SuperEngine.runTestImpl(Engine.scala:286)
	at app//org.scalatest.FunSuiteLike.runTest(FunSuiteLike.scala:196)
	at app//org.scalatest.FunSuiteLike.runTest$(FunSuiteLike.scala:178)
	at app//org.scalatest.FunSuite.runTest(FunSuite.scala:1560)
	at app//org.scalatest.FunSuiteLike.$anonfun$runTests$1(FunSuiteLike.scala:229)
	at app//org.scalatest.SuperEngine.$anonfun$runTestsInBranch$1(Engine.scala:393)
	at app//scala.collection.immutable.List.foreach(List.scala:333)
	at app//org.scalatest.SuperEngine.traverseSubNodes$1(Engine.scala:381)
	at app//org.scalatest.SuperEngine.runTestsInBranch(Engine.scala:376)
	at app//org.scalatest.SuperEngine.runTestsImpl(Engine.scala:458)
	at app//org.scalatest.FunSuiteLike.runTests(FunSuiteLike.scala:229)
	at app//org.scalatest.FunSuiteLike.runTests$(FunSuiteLike.scala:228)
	at app//org.scalatest.FunSuite.runTests(FunSuite.scala:1560)
	at app//org.scalatest.Suite.run(Suite.scala:1124)
	at app//org.scalatest.Suite.run$(Suite.scala:1106)
	at app//org.scalatest.FunSuite.org$scalatest$FunSuiteLike$$super$run(FunSuite.scala:1560)
	at app//org.scalatest.FunSuiteLike.$anonfun$run$1(FunSuiteLike.scala:233)
	at app//org.scalatest.SuperEngine.runImpl(Engine.scala:518)
	at app//org.scalatest.FunSuiteLike.run(FunSuiteLike.scala:233)
	at app//org.scalatest.FunSuiteLike.run$(FunSuiteLike.scala:232)
	at app//infrastructure.TestBase.run(TestBase.scala:26)
	at app//org.scalatest.Suite.callExecuteOnSuite$1(Suite.scala:1187)
	at app//org.scalatest.Suite.$anonfun$runNestedSuites$1(Suite.scala:1234)
	at app//scala.collection.ArrayOps$.foreach$extension(ArrayOps.scala:1323)
	at app//org.scalatest.Suite.runNestedSuites(Suite.scala:1232)
	at app//org.scalatest.Suite.runNestedSuites$(Suite.scala:1166)
	at app//org.scalatest.Suites.runNestedSuites(Suites.scala:56)
	at app//org.scalatest.Suite.run(Suite.scala:1121)
	at app//org.scalatest.Suite.run$(Suite.scala:1106)
	at app//tetris.TetrisTestSuitesBase.runDirect(TetrisTestSuitesBase.scala:20)
	at app//tetris.TetrisTestSuitesBase.runWithScoreCounter(TetrisTestSuitesBase.scala:14)
	at app//tetris.TetrisTestSuite3_2.run(TetrisTestSuite3_2.scala:25)
	at app//org.scalatestplus.junit.JUnitRunner.run(JUnitRunner.scala:99)
	at org.gradle.api.internal.tasks.testing.junit.JUnitTestClassExecutor.runTestClass(JUnitTestClassExecutor.java:110)
	at org.gradle.api.internal.tasks.testing.junit.JUnitTestClassExecutor.execute(JUnitTestClassExecutor.java:58)
	at org.gradle.api.internal.tasks.testing.junit.JUnitTestClassExecutor.execute(JUnitTestClassExecutor.java:38)
	at org.gradle.api.internal.tasks.testing.junit.AbstractJUnitTestClassProcessor.processTestClass(AbstractJUnitTestClassProcessor.java:62)
	at org.gradle.api.internal.tasks.testing.SuiteTestClassProcessor.processTestClass(SuiteTestClassProcessor.java:51)
	at java.base@11.0.16.1/jdk.internal.reflect.NativeMethodAccessorImpl.invoke0(Native Method)
	at java.base@11.0.16.1/jdk.internal.reflect.NativeMethodAccessorImpl.invoke(NativeMethodAccessorImpl.java:62)
	at java.base@11.0.16.1/jdk.internal.reflect.DelegatingMethodAccessorImpl.invoke(DelegatingMethodAccessorImpl.java:43)
	at java.base@11.0.16.1/java.lang.reflect.Method.invoke(Method.java:566)
	at org.gradle.internal.dispatch.ReflectionDispatch.dispatch(ReflectionDispatch.java:36)
	at org.gradle.internal.dispatch.ReflectionDispatch.dispatch(ReflectionDispatch.java:24)
	at org.gradle.internal.dispatch.ContextClassLoaderDispatch.dispatch(ContextClassLoaderDispatch.java:33)
	at org.gradle.internal.dispatch.ProxyDispatchAdapter$DispatchingInvocationHandler.invoke(ProxyDispatchAdapter.java:94)
	at com.sun.proxy.$Proxy2.processTestClass(Unknown Source)
	at org.gradle.api.internal.tasks.testing.worker.TestWorker$2.run(TestWorker.java:176)
	at org.gradle.api.internal.tasks.testing.worker.TestWorker.executeAndMaintainThreadName(TestWorker.java:129)
	at org.gradle.api.internal.tasks.testing.worker.TestWorker.execute(TestWorker.java:100)
	at org.gradle.api.internal.tasks.testing.worker.TestWorker.execute(TestWorker.java:60)
	at org.gradle.process.internal.worker.child.ActionExecutionWorker.execute(ActionExecutionWorker.java:56)
	at org.gradle.process.internal.worker.child.SystemApplicationClassLoaderWorker.call(SystemApplicationClassLoaderWorker.java:133)
	at org.gradle.process.internal.worker.child.SystemApplicationClassLoaderWorker.call(SystemApplicationClassLoaderWorker.java:71)
	at app//worker.org.gradle.process.internal.worker.GradleWorkerMain.run(GradleWorkerMain.java:69)
	at app//worker.org.gradle.process.internal.worker.GradleWorkerMain.main(GradleWorkerMain.java:74)
</failure>
  </testcase>
  <testcase name="testGame6x10" classname="tetris.FullGameTests" time="0.028"/>
  <testcase name="testInterleave5x9and8x11" classname="tetris.FullGameTests" time="0.032"/>
  <testcase name="testInterleave8x11and6x10" classname="tetris.FullGameTests" time="0.04"/>
  <system-out><![CDATA[]]></system-out>
  <system-err><![CDATA[]]></system-err>
</testsuite>
